[2025-06-14 15:30:30] [INFO]: Conectado ao banco MariaDB com sucesso!
[2025-06-14 15:30:30] [INFO]: Conexão com banco via TypeORM OK!
[2025-06-14 15:30:30] [INFO]: Server tá no ar na porta 3000
[2025-06-14 15:32:11] [INFO]: Conectado ao banco MariaDB com sucesso!
[2025-06-14 15:32:12] [INFO]: Conexão com banco via TypeORM OK!
[2025-06-14 15:32:12] [INFO]: Server tá no ar na porta 3000
[2025-06-14 15:32:15] [INFO]: Conectado ao banco MariaDB com sucesso!
[2025-06-14 15:32:15] [INFO]: Conexão com banco via TypeORM OK!
[2025-06-14 15:32:15] [INFO]: Server tá no ar na porta 3000
[2025-06-14 15:32:45] [INFO]: Conectado ao banco MariaDB com sucesso!
[2025-06-14 15:32:45] [INFO]: Conexão com banco via TypeORM OK!
[2025-06-14 15:32:45] [INFO]: Server tá no ar na porta 3000
[2025-06-14 15:32:53] [INFO]: Conectado ao banco MariaDB com sucesso!
[2025-06-14 15:32:53] [INFO]: Conexão com banco via TypeORM OK!
[2025-06-14 15:32:53] [INFO]: Server tá no ar na porta 3000
[2025-06-14 15:32:56] [INFO]: Conectado ao banco MariaDB com sucesso!
[2025-06-14 15:32:56] [INFO]: Conexão com banco via TypeORM OK!
[2025-06-14 15:32:56] [INFO]: Server tá no ar na porta 3000
[2025-06-14 15:33:23] [INFO]: Conectado ao banco MariaDB com sucesso!
[2025-06-14 15:33:23] [INFO]: Conexão com banco via TypeORM OK!
[2025-06-14 15:33:23] [INFO]: Server tá no ar na porta 3000
[2025-06-14 15:34:15] [INFO]: Conectado ao banco MariaDB com sucesso!
[2025-06-14 15:34:17] [INFO]: Conectado ao banco MariaDB com sucesso!
[2025-06-14 15:34:17] [INFO]: Conexão com banco via TypeORM OK!
[2025-06-14 15:34:17] [INFO]: Server tá no ar na porta 3000
[2025-06-14 15:34:21] [INFO]: Conectado ao banco MariaDB com sucesso!
[2025-06-14 15:34:21] [INFO]: Conexão com banco via TypeORM OK!
[2025-06-14 15:34:21] [INFO]: Server tá no ar na porta 3000
[2025-06-14 15:35:05] [INFO]: Conectado ao banco MariaDB com sucesso!
[2025-06-14 15:35:05] [INFO]: Conexão com banco via TypeORM OK!
[2025-06-14 15:35:05] [INFO]: Server tá no ar na porta 3000
[2025-06-14 15:35:06] [INFO]: Conectado ao banco MariaDB com sucesso!
[2025-06-14 15:35:06] [INFO]: Conexão com banco via TypeORM OK!
[2025-06-14 15:35:06] [INFO]: Server tá no ar na porta 3000
[2025-06-14 15:35:32] [INFO]: Conectado ao banco MariaDB com sucesso!
[2025-06-14 15:35:32] [INFO]: Conexão com banco via TypeORM OK!
[2025-06-14 15:35:32] [INFO]: Server tá no ar na porta 3000
[2025-06-14 15:35:34] [INFO]: Conectado ao banco MariaDB com sucesso!
[2025-06-14 15:35:35] [INFO]: Conexão com banco via TypeORM OK!
[2025-06-14 15:35:35] [INFO]: Server tá no ar na porta 3000
[2025-06-14 15:35:46] [INFO]: Conectado ao banco MariaDB com sucesso!
[2025-06-14 15:35:47] [INFO]: Conexão com banco via TypeORM OK!
[2025-06-14 15:35:47] [INFO]: Server tá no ar na porta 3000
[2025-06-14 15:35:52] [INFO]: Conectado ao banco MariaDB com sucesso!
[2025-06-14 15:35:53] [INFO]: Conexão com banco via TypeORM OK!
[2025-06-14 15:35:53] [INFO]: Server tá no ar na porta 3000
[2025-06-14 15:35:54] [INFO]: Conectado ao banco MariaDB com sucesso!
[2025-06-14 15:35:54] [INFO]: Conexão com banco via TypeORM OK!
[2025-06-14 15:35:55] [INFO]: Server tá no ar na porta 3000
[2025-06-14 15:35:57] [INFO]: Conectado ao banco MariaDB com sucesso!
[2025-06-14 15:35:57] [INFO]: Conexão com banco via TypeORM OK!
[2025-06-14 15:35:57] [INFO]: Server tá no ar na porta 3000
[2025-06-14 15:40:42] [INFO]: Conectado ao banco MariaDB com sucesso!
[2025-06-14 15:40:42] [INFO]: Conexão com banco via TypeORM OK!
[2025-06-14 15:40:42] [INFO]: Server tá no ar na porta 3000
[2025-06-14 15:40:49] [INFO]: Conectado ao banco MariaDB com sucesso!
[2025-06-14 15:40:50] [INFO]: Conexão com banco via TypeORM OK!
[2025-06-14 15:40:50] [INFO]: Server tá no ar na porta 3000
[2025-06-14 15:41:29] [INFO]: Conectado ao banco MariaDB com sucesso!
[2025-06-14 15:41:29] [INFO]: Conexão com banco via TypeORM OK!
[2025-06-14 15:41:29] [INFO]: Server tá no ar na porta 3000
[2025-06-14 15:42:37] [INFO]: Conectado ao banco MariaDB com sucesso!
[2025-06-14 15:42:37] [INFO]: Conexão com banco via TypeORM OK!
[2025-06-14 15:42:37] [INFO]: Server tá no ar na porta 3000
[2025-06-14 15:42:39] [INFO]: Conectado ao banco MariaDB com sucesso!
[2025-06-14 15:42:39] [INFO]: Conexão com banco via TypeORM OK!
[2025-06-14 15:42:39] [INFO]: Server tá no ar na porta 3000
[2025-06-14 15:46:56] [INFO]: Conectado ao banco MariaDB com sucesso!
[2025-06-14 15:46:56] [INFO]: Conexão com banco via TypeORM OK!
[2025-06-14 15:46:56] [INFO]: Server tá no ar na porta 3000
[2025-06-14 15:46:59] [INFO]: Conectado ao banco MariaDB com sucesso!
[2025-06-14 15:46:59] [INFO]: Conexão com banco via TypeORM OK!
[2025-06-14 15:46:59] [INFO]: Server tá no ar na porta 3000
[2025-06-14 15:47:58] [ERROR]: HttpError criado: Nota fiscal não encontrada (status 404)
[2025-06-14 15:48:18] [INFO]: Conectado ao banco MariaDB com sucesso!
[2025-06-14 15:48:18] [INFO]: Conexão com banco via TypeORM OK!
[2025-06-14 15:48:18] [INFO]: Server tá no ar na porta 3000
[2025-06-14 15:48:28] [INFO]: Conectado ao banco MariaDB com sucesso!
[2025-06-14 15:48:28] [INFO]: Conexão com banco via TypeORM OK!
[2025-06-14 15:48:28] [INFO]: Server tá no ar na porta 3000
[2025-06-14 15:48:30] [INFO]: Conectado ao banco MariaDB com sucesso!
[2025-06-14 15:48:30] [INFO]: Conexão com banco via TypeORM OK!
[2025-06-14 15:48:30] [INFO]: Server tá no ar na porta 3000
[2025-06-14 15:48:32] [INFO]: Conectado ao banco MariaDB com sucesso!
[2025-06-14 15:48:32] [INFO]: Conexão com banco via TypeORM OK!
[2025-06-14 15:48:32] [INFO]: Server tá no ar na porta 3000
[2025-06-14 15:48:33] [INFO]: Conectado ao banco MariaDB com sucesso!
[2025-06-14 15:48:34] [INFO]: Conexão com banco via TypeORM OK!
[2025-06-14 15:48:34] [INFO]: Server tá no ar na porta 3000
[2025-06-14 15:48:50] [INFO]: Conectado ao banco MariaDB com sucesso!
[2025-06-14 15:48:51] [INFO]: Conexão com banco via TypeORM OK!
[2025-06-14 15:48:51] [INFO]: Server tá no ar na porta 3000
[2025-06-14 15:49:37] [INFO]: Conectado ao banco MariaDB com sucesso!
[2025-06-14 15:49:38] [INFO]: Conexão com banco via TypeORM OK!
[2025-06-14 15:49:38] [INFO]: Server tá no ar na porta 3000
[2025-06-14 15:50:16] [INFO]: Conectado ao banco MariaDB com sucesso!
[2025-06-14 15:50:17] [INFO]: Conexão com banco via TypeORM OK!
[2025-06-14 15:50:17] [INFO]: Server tá no ar na porta 3000
[2025-06-14 15:50:19] [INFO]: Conectado ao banco MariaDB com sucesso!
[2025-06-14 15:50:20] [INFO]: Conexão com banco via TypeORM OK!
[2025-06-14 15:50:20] [INFO]: Server tá no ar na porta 3000
[2025-06-14 15:50:26] [INFO]: Conectado ao banco MariaDB com sucesso!
[2025-06-14 15:50:26] [INFO]: Conexão com banco via TypeORM OK!
[2025-06-14 15:50:26] [INFO]: Server tá no ar na porta 3000
[2025-06-14 15:50:38] [INFO]: Conectado ao banco MariaDB com sucesso!
[2025-06-14 15:50:38] [INFO]: Conexão com banco via TypeORM OK!
[2025-06-14 15:50:38] [INFO]: Server tá no ar na porta 3000
[2025-06-14 15:51:21] [ERROR]: Cliente já registrado, (status: 400)
[2025-06-14 15:51:45] [INFO]: Conectado ao banco MariaDB com sucesso!
[2025-06-14 15:51:45] [INFO]: Conexão com banco via TypeORM OK!
[2025-06-14 15:51:45] [INFO]: Server tá no ar na porta 3000
[2025-06-14 15:52:45] [INFO]: Conectado ao banco MariaDB com sucesso!
[2025-06-14 15:52:45] [INFO]: Conexão com banco via TypeORM OK!
[2025-06-14 15:52:45] [INFO]: Server tá no ar na porta 3000
[2025-06-14 15:52:48] [INFO]: Conectado ao banco MariaDB com sucesso!
[2025-06-14 15:52:48] [INFO]: Conexão com banco via TypeORM OK!
[2025-06-14 15:52:48] [INFO]: Server tá no ar na porta 3000
[2025-06-14 15:52:51] [INFO]: Conectado ao banco MariaDB com sucesso!
[2025-06-14 15:52:53] [INFO]: Conexão com banco via TypeORM OK!
[2025-06-14 15:52:53] [INFO]: Server tá no ar na porta 3000
[2025-06-14 15:52:55] [INFO]: Conectado ao banco MariaDB com sucesso!
[2025-06-14 15:52:55] [INFO]: Conexão com banco via TypeORM OK!
[2025-06-14 15:52:55] [INFO]: Server tá no ar na porta 3000
[2025-06-14 15:53:27] [INFO]: Conectado ao banco MariaDB com sucesso!
[2025-06-14 15:53:27] [INFO]: Conexão com banco via TypeORM OK!
[2025-06-14 15:53:27] [INFO]: Server tá no ar na porta 3000
[2025-06-14 15:53:29] [INFO]: Conectado ao banco MariaDB com sucesso!
[2025-06-14 15:53:29] [INFO]: Conexão com banco via TypeORM OK!
[2025-06-14 15:53:29] [INFO]: Server tá no ar na porta 3000
[2025-06-14 15:53:32] [INFO]: Conectado ao banco MariaDB com sucesso!
[2025-06-14 15:53:32] [INFO]: Conexão com banco via TypeORM OK!
[2025-06-14 15:53:32] [INFO]: Server tá no ar na porta 3000
[2025-06-14 15:53:48] [INFO]: Conectado ao banco MariaDB com sucesso!
[2025-06-14 15:53:49] [INFO]: Conexão com banco via TypeORM OK!
[2025-06-14 15:53:49] [INFO]: Server tá no ar na porta 3000
[2025-06-14 15:54:20] [INFO]: Conectado ao banco MariaDB com sucesso!
[2025-06-14 15:54:20] [INFO]: Conexão com banco via TypeORM OK!
[2025-06-14 15:54:20] [INFO]: Server tá no ar na porta 3000
[2025-06-14 15:54:23] [INFO]: Conectado ao banco MariaDB com sucesso!
[2025-06-14 15:54:23] [INFO]: Conexão com banco via TypeORM OK!
[2025-06-14 15:54:23] [INFO]: Server tá no ar na porta 3000
[2025-06-14 15:54:31] [INFO]: Conectado ao banco MariaDB com sucesso!
[2025-06-14 15:54:31] [INFO]: Conexão com banco via TypeORM OK!
[2025-06-14 15:54:31] [INFO]: Server tá no ar na porta 3000
[2025-06-14 15:54:33] [INFO]: Conectado ao banco MariaDB com sucesso!
[2025-06-14 15:54:33] [INFO]: Conexão com banco via TypeORM OK!
[2025-06-14 15:54:33] [INFO]: Server tá no ar na porta 3000
[2025-06-14 15:55:26] [INFO]: Conectado ao banco MariaDB com sucesso!
[2025-06-14 15:55:26] [INFO]: Conexão com banco via TypeORM OK!
[2025-06-14 15:55:26] [INFO]: Server tá no ar na porta 3000
[2025-06-14 15:55:29] [INFO]: Conectado ao banco MariaDB com sucesso!
[2025-06-14 15:55:30] [INFO]: Conexão com banco via TypeORM OK!
[2025-06-14 15:55:30] [INFO]: Server tá no ar na porta 3000
[2025-06-14 15:55:33] [INFO]: Conectado ao banco MariaDB com sucesso!
[2025-06-14 15:55:33] [INFO]: Conexão com banco via TypeORM OK!
[2025-06-14 15:55:33] [INFO]: Server tá no ar na porta 3000
[2025-06-14 15:55:37] [INFO]: Conectado ao banco MariaDB com sucesso!
[2025-06-14 15:55:37] [INFO]: Conexão com banco via TypeORM OK!
[2025-06-14 15:55:37] [INFO]: Server tá no ar na porta 3000
[2025-06-14 15:55:38] [INFO]: Conectado ao banco MariaDB com sucesso!
[2025-06-14 15:55:38] [INFO]: Conexão com banco via TypeORM OK!
[2025-06-14 15:55:38] [INFO]: Server tá no ar na porta 3000
[2025-06-14 15:55:41] [INFO]: Conectado ao banco MariaDB com sucesso!
[2025-06-14 15:55:41] [INFO]: Conexão com banco via TypeORM OK!
[2025-06-14 15:55:41] [INFO]: Server tá no ar na porta 3000
[2025-06-14 15:55:49] [INFO]: Conectado ao banco MariaDB com sucesso!
[2025-06-14 15:55:51] [INFO]: Conexão com banco via TypeORM OK!
[2025-06-14 15:55:51] [INFO]: Server tá no ar na porta 3000
[2025-06-14 15:55:56] [INFO]: Conectado ao banco MariaDB com sucesso!
[2025-06-14 15:55:56] [INFO]: Conexão com banco via TypeORM OK!
[2025-06-14 15:55:56] [INFO]: Server tá no ar na porta 3000
[2025-06-14 15:56:16] [INFO]: Conectado ao banco MariaDB com sucesso!
[2025-06-14 15:56:16] [INFO]: Conexão com banco via TypeORM OK!
[2025-06-14 15:56:16] [INFO]: Server tá no ar na porta 3000
[2025-06-14 15:56:21] [INFO]: Conectado ao banco MariaDB com sucesso!
[2025-06-14 15:56:21] [INFO]: Conexão com banco via TypeORM OK!
[2025-06-14 15:56:21] [INFO]: Server tá no ar na porta 3000
[2025-06-14 15:56:27] [INFO]: Conectado ao banco MariaDB com sucesso!
[2025-06-14 15:56:27] [INFO]: Conexão com banco via TypeORM OK!
[2025-06-14 15:56:27] [INFO]: Server tá no ar na porta 3000
[2025-06-14 15:56:35] [INFO]: Conectado ao banco MariaDB com sucesso!
[2025-06-14 15:56:35] [INFO]: Conexão com banco via TypeORM OK!
[2025-06-14 15:56:35] [INFO]: Server tá no ar na porta 3000
[2025-06-14 15:56:39] [INFO]: Conectado ao banco MariaDB com sucesso!
[2025-06-14 15:56:40] [INFO]: Conexão com banco via TypeORM OK!
[2025-06-14 15:56:40] [INFO]: Server tá no ar na porta 3000
[2025-06-14 15:57:14] [INFO]: Conectado ao banco MariaDB com sucesso!
[2025-06-14 15:57:14] [INFO]: Conexão com banco via TypeORM OK!
[2025-06-14 15:57:14] [INFO]: Server tá no ar na porta 3000
[2025-06-14 15:57:23] [INFO]: Conectado ao banco MariaDB com sucesso!
[2025-06-14 15:57:24] [INFO]: Conexão com banco via TypeORM OK!
[2025-06-14 15:57:24] [INFO]: Server tá no ar na porta 3000
[2025-06-14 15:57:31] [INFO]: Conectado ao banco MariaDB com sucesso!
[2025-06-14 15:57:31] [INFO]: Conexão com banco via TypeORM OK!
[2025-06-14 15:57:31] [INFO]: Server tá no ar na porta 3000
[2025-06-14 15:58:00] [INFO]: Conectado ao banco MariaDB com sucesso!
[2025-06-14 15:58:02] [INFO]: Conexão com banco via TypeORM OK!
[2025-06-14 15:58:02] [INFO]: Server tá no ar na porta 3000
[2025-06-14 15:58:09] [INFO]: Conectado ao banco MariaDB com sucesso!
[2025-06-14 15:58:09] [INFO]: Conexão com banco via TypeORM OK!
[2025-06-14 15:58:09] [INFO]: Server tá no ar na porta 3000
[2025-06-14 15:58:12] [INFO]: Conectado ao banco MariaDB com sucesso!
[2025-06-14 15:58:12] [INFO]: Conexão com banco via TypeORM OK!
[2025-06-14 15:58:12] [INFO]: Server tá no ar na porta 3000
[2025-06-14 15:58:13] [INFO]: Conectado ao banco MariaDB com sucesso!
[2025-06-14 15:58:13] [INFO]: Conexão com banco via TypeORM OK!
[2025-06-14 15:58:13] [INFO]: Server tá no ar na porta 3000
[2025-06-14 15:58:14] [INFO]: Conectado ao banco MariaDB com sucesso!
[2025-06-14 15:58:14] [INFO]: Conexão com banco via TypeORM OK!
[2025-06-14 15:58:14] [INFO]: Server tá no ar na porta 3000
[2025-06-14 15:58:17] [INFO]: Conectado ao banco MariaDB com sucesso!
[2025-06-14 15:58:17] [INFO]: Conexão com banco via TypeORM OK!
[2025-06-14 15:58:17] [INFO]: Server tá no ar na porta 3000
[2025-06-14 15:58:19] [INFO]: Conectado ao banco MariaDB com sucesso!
[2025-06-14 15:58:19] [INFO]: Conexão com banco via TypeORM OK!
[2025-06-14 15:58:19] [INFO]: Server tá no ar na porta 3000
[2025-06-14 15:58:22] [INFO]: Conectado ao banco MariaDB com sucesso!
[2025-06-14 15:58:23] [INFO]: Conexão com banco via TypeORM OK!
[2025-06-14 15:58:23] [INFO]: Server tá no ar na porta 3000
[2025-06-14 15:58:25] [INFO]: Conectado ao banco MariaDB com sucesso!
[2025-06-14 15:58:25] [INFO]: Conexão com banco via TypeORM OK!
[2025-06-14 15:58:25] [INFO]: Server tá no ar na porta 3000
[2025-06-14 15:58:44] [INFO]: Conectado ao banco MariaDB com sucesso!
[2025-06-14 15:58:44] [INFO]: Conexão com banco via TypeORM OK!
[2025-06-14 15:58:44] [INFO]: Server tá no ar na porta 3000
[2025-06-14 15:58:54] [INFO]: Conectado ao banco MariaDB com sucesso!
[2025-06-14 15:58:54] [INFO]: Conexão com banco via TypeORM OK!
[2025-06-14 15:58:54] [INFO]: Server tá no ar na porta 3000
[2025-06-14 15:59:00] [INFO]: Conectado ao banco MariaDB com sucesso!
[2025-06-14 15:59:00] [INFO]: Conexão com banco via TypeORM OK!
[2025-06-14 15:59:00] [INFO]: Server tá no ar na porta 3000
[2025-06-14 15:59:02] [INFO]: Conectado ao banco MariaDB com sucesso!
[2025-06-14 15:59:03] [INFO]: Conexão com banco via TypeORM OK!
[2025-06-14 15:59:03] [INFO]: Server tá no ar na porta 3000
[2025-06-14 15:59:06] [INFO]: Conectado ao banco MariaDB com sucesso!
[2025-06-14 15:59:07] [INFO]: Conexão com banco via TypeORM OK!
[2025-06-14 15:59:07] [INFO]: Server tá no ar na porta 3000
[2025-06-14 15:59:12] [INFO]: Conectado ao banco MariaDB com sucesso!
[2025-06-14 15:59:12] [INFO]: Conexão com banco via TypeORM OK!
[2025-06-14 15:59:12] [INFO]: Server tá no ar na porta 3000
[2025-06-14 15:59:21] [INFO]: Conectado ao banco MariaDB com sucesso!
[2025-06-14 15:59:21] [INFO]: Conexão com banco via TypeORM OK!
[2025-06-14 15:59:21] [INFO]: Server tá no ar na porta 3000
[2025-06-14 15:59:31] [INFO]: Conectado ao banco MariaDB com sucesso!
[2025-06-14 15:59:31] [INFO]: Conexão com banco via TypeORM OK!
[2025-06-14 15:59:31] [INFO]: Server tá no ar na porta 3000
[2025-06-14 16:00:18] [INFO]: Conectado ao banco MariaDB com sucesso!
[2025-06-14 16:00:18] [INFO]: Conexão com banco via TypeORM OK!
[2025-06-14 16:00:18] [INFO]: Server tá no ar na porta 3000
[2025-06-14 16:00:20] [INFO]: Conectado ao banco MariaDB com sucesso!
[2025-06-14 16:00:20] [INFO]: Conexão com banco via TypeORM OK!
[2025-06-14 16:00:20] [INFO]: Server tá no ar na porta 3000
[2025-06-14 16:00:25] [INFO]: Conectado ao banco MariaDB com sucesso!
[2025-06-14 16:00:25] [INFO]: Conexão com banco via TypeORM OK!
[2025-06-14 16:00:25] [INFO]: Server tá no ar na porta 3000
[2025-06-14 16:00:29] [INFO]: Conectado ao banco MariaDB com sucesso!
[2025-06-14 16:00:30] [INFO]: Conexão com banco via TypeORM OK!
[2025-06-14 16:00:30] [INFO]: Server tá no ar na porta 3000
[2025-06-14 16:01:02] [INFO]: Conectado ao banco MariaDB com sucesso!
[2025-06-14 16:01:02] [INFO]: Conexão com banco via TypeORM OK!
[2025-06-14 16:01:02] [INFO]: Server tá no ar na porta 3000
[2025-06-14 16:01:15] [INFO]: Conectado ao banco MariaDB com sucesso!
[2025-06-14 16:01:15] [INFO]: Conexão com banco via TypeORM OK!
[2025-06-14 16:01:15] [INFO]: Server tá no ar na porta 3000
[2025-06-14 16:02:12] [INFO]: Conectado ao banco MariaDB com sucesso!
[2025-06-14 16:02:13] [INFO]: Conexão com banco via TypeORM OK!
[2025-06-14 16:02:13] [INFO]: Server tá no ar na porta 3000
[2025-06-14 16:02:20] [INFO]: Conectado ao banco MariaDB com sucesso!
[2025-06-14 16:02:20] [INFO]: Conexão com banco via TypeORM OK!
[2025-06-14 16:02:20] [INFO]: Server tá no ar na porta 3000
[2025-06-14 16:02:21] [INFO]: Conectado ao banco MariaDB com sucesso!
[2025-06-14 16:02:22] [INFO]: Conexão com banco via TypeORM OK!
[2025-06-14 16:02:22] [INFO]: Server tá no ar na porta 3000
[2025-06-14 16:02:27] [INFO]: Conectado ao banco MariaDB com sucesso!
[2025-06-14 16:02:27] [INFO]: Conexão com banco via TypeORM OK!
[2025-06-14 16:02:27] [INFO]: Server tá no ar na porta 3000
[2025-06-14 16:02:28] [INFO]: Conectado ao banco MariaDB com sucesso!
[2025-06-14 16:02:28] [INFO]: Conexão com banco via TypeORM OK!
[2025-06-14 16:02:28] [INFO]: Server tá no ar na porta 3000
[2025-06-14 16:02:32] [INFO]: Conectado ao banco MariaDB com sucesso!
[2025-06-14 16:02:32] [INFO]: Conexão com banco via TypeORM OK!
[2025-06-14 16:02:32] [INFO]: Server tá no ar na porta 3000
[2025-06-14 16:02:35] [INFO]: Conectado ao banco MariaDB com sucesso!
[2025-06-14 16:02:35] [INFO]: Conexão com banco via TypeORM OK!
[2025-06-14 16:02:35] [INFO]: Server tá no ar na porta 3000
[2025-06-14 16:02:38] [INFO]: Conectado ao banco MariaDB com sucesso!
[2025-06-14 16:02:39] [INFO]: Conexão com banco via TypeORM OK!
[2025-06-14 16:02:39] [INFO]: Server tá no ar na porta 3000
[2025-06-14 16:02:45] [INFO]: Conectado ao banco MariaDB com sucesso!
[2025-06-14 16:02:45] [INFO]: Conexão com banco via TypeORM OK!
[2025-06-14 16:02:45] [INFO]: Server tá no ar na porta 3000
[2025-06-14 16:03:00] [INFO]: Conectado ao banco MariaDB com sucesso!
[2025-06-14 16:03:00] [INFO]: Conexão com banco via TypeORM OK!
[2025-06-14 16:03:00] [INFO]: Server tá no ar na porta 3000
[2025-06-14 16:03:04] [INFO]: Conectado ao banco MariaDB com sucesso!
[2025-06-14 16:03:04] [INFO]: Conexão com banco via TypeORM OK!
[2025-06-14 16:03:04] [INFO]: Server tá no ar na porta 3000
[2025-06-14 16:03:42] [ERROR]: Cliente já registrado, (status: 400)
[2025-06-14 16:04:21] [INFO]: Clientes listados com sucesso
[2025-06-14 16:05:52] [INFO]: Conectado ao banco MariaDB com sucesso!
[2025-06-14 16:05:52] [INFO]: Conexão com banco via TypeORM OK!
[2025-06-14 16:05:52] [INFO]: Server tá no ar na porta 3000
[2025-06-14 16:08:51] [INFO]: Conectado ao banco MariaDB com sucesso!
[2025-06-14 16:08:51] [INFO]: Conexão com banco via TypeORM OK!
[2025-06-14 16:08:51] [INFO]: Server tá no ar na porta 3000
[2025-06-14 16:08:56] [ERROR]: Requisição inválida
[2025-06-14 16:10:03] [INFO]: Conectado ao banco MariaDB com sucesso!
[2025-06-14 16:10:03] [INFO]: Conexão com banco via TypeORM OK!
[2025-06-14 16:10:03] [INFO]: Server tá no ar na porta 3000
[2025-06-14 16:10:05] [INFO]: Conectado ao banco MariaDB com sucesso!
[2025-06-14 16:10:05] [INFO]: Conexão com banco via TypeORM OK!
[2025-06-14 16:10:05] [INFO]: Server tá no ar na porta 3000
[2025-06-14 16:10:08] [INFO]: Conectado ao banco MariaDB com sucesso!
[2025-06-14 16:10:08] [INFO]: Conexão com banco via TypeORM OK!
[2025-06-14 16:10:08] [INFO]: Server tá no ar na porta 3000
[2025-06-14 16:10:09] [INFO]: Conectado ao banco MariaDB com sucesso!
[2025-06-14 16:10:11] [INFO]: Conectado ao banco MariaDB com sucesso!
[2025-06-14 16:10:12] [INFO]: Conexão com banco via TypeORM OK!
[2025-06-14 16:10:12] [INFO]: Server tá no ar na porta 3000
[2025-06-14 16:10:14] [INFO]: Conectado ao banco MariaDB com sucesso!
[2025-06-14 16:10:14] [INFO]: Conexão com banco via TypeORM OK!
[2025-06-14 16:10:14] [INFO]: Server tá no ar na porta 3000
[2025-06-14 16:10:22] [INFO]: Conectado ao banco MariaDB com sucesso!
[2025-06-14 16:10:23] [INFO]: Conexão com banco via TypeORM OK!
[2025-06-14 16:10:23] [INFO]: Server tá no ar na porta 3000
[2025-06-14 16:10:25] [INFO]: Conectado ao banco MariaDB com sucesso!
[2025-06-14 16:10:25] [INFO]: Conexão com banco via TypeORM OK!
[2025-06-14 16:10:25] [INFO]: Server tá no ar na porta 3000
[2025-06-14 16:10:45] [ERROR]: Requisição inválida, detalhes: Nome é obrigatório,"nomea" is not allowed
[2025-06-14 16:11:05] [INFO]: Conectado ao banco MariaDB com sucesso!
[2025-06-14 16:11:06] [INFO]: Conexão com banco via TypeORM OK!
[2025-06-14 16:11:06] [INFO]: Server tá no ar na porta 3000
[2025-06-14 16:11:09] [INFO]: Conectado ao banco MariaDB com sucesso!
[2025-06-14 16:11:09] [INFO]: Conexão com banco via TypeORM OK!
[2025-06-14 16:11:09] [INFO]: Server tá no ar na porta 3000
[2025-06-14 16:11:13] [INFO]: Conectado ao banco MariaDB com sucesso!
[2025-06-14 16:11:13] [INFO]: Conexão com banco via TypeORM OK!
[2025-06-14 16:11:13] [INFO]: Server tá no ar na porta 3000
[2025-06-14 16:11:16] [INFO]: Conectado ao banco MariaDB com sucesso!
[2025-06-14 16:11:16] [INFO]: Conexão com banco via TypeORM OK!
[2025-06-14 16:11:16] [INFO]: Server tá no ar na porta 3000
[2025-06-14 16:12:00] [INFO]: Conectado ao banco MariaDB com sucesso!
[2025-06-14 16:12:00] [INFO]: Conexão com banco via TypeORM OK!
[2025-06-14 16:12:00] [INFO]: Server tá no ar na porta 3000
[2025-06-14 16:12:02] [INFO]: Conectado ao banco MariaDB com sucesso!
[2025-06-14 16:12:03] [INFO]: Conexão com banco via TypeORM OK!
[2025-06-14 16:12:03] [INFO]: Server tá no ar na porta 3000
[2025-06-14 16:12:04] [INFO]: Conectado ao banco MariaDB com sucesso!
[2025-06-14 16:12:04] [INFO]: Conexão com banco via TypeORM OK!
[2025-06-14 16:12:04] [INFO]: Server tá no ar na porta 3000
[2025-06-14 16:12:08] [INFO]: Conectado ao banco MariaDB com sucesso!
[2025-06-14 16:12:08] [INFO]: Conexão com banco via TypeORM OK!
[2025-06-14 16:12:08] [INFO]: Server tá no ar na porta 3000
[2025-06-14 16:12:34] [INFO]: Conectado ao banco MariaDB com sucesso!
[2025-06-14 16:12:34] [INFO]: Conexão com banco via TypeORM OK!
[2025-06-14 16:12:34] [INFO]: Server tá no ar na porta 3000
[2025-06-14 16:12:35] [INFO]: Conectado ao banco MariaDB com sucesso!
[2025-06-14 16:12:36] [INFO]: Conectado ao banco MariaDB com sucesso!
[2025-06-14 16:12:37] [INFO]: Conexão com banco via TypeORM OK!
[2025-06-14 16:12:37] [INFO]: Server tá no ar na porta 3000
[2025-06-14 16:12:39] [INFO]: Conectado ao banco MariaDB com sucesso!
[2025-06-14 16:12:40] [INFO]: Conexão com banco via TypeORM OK!
[2025-06-14 16:12:40] [INFO]: Server tá no ar na porta 3000
[2025-06-14 16:12:42] [INFO]: Conectado ao banco MariaDB com sucesso!
[2025-06-14 16:12:43] [INFO]: Conexão com banco via TypeORM OK!
[2025-06-14 16:12:43] [INFO]: Server tá no ar na porta 3000
[2025-06-14 16:12:47] [INFO]: Conectado ao banco MariaDB com sucesso!
[2025-06-14 16:12:48] [INFO]: Conexão com banco via TypeORM OK!
[2025-06-14 16:12:48] [INFO]: Server tá no ar na porta 3000
[2025-06-14 16:12:51] [INFO]: Conectado ao banco MariaDB com sucesso!
[2025-06-14 16:12:51] [INFO]: Conexão com banco via TypeORM OK!
[2025-06-14 16:12:51] [INFO]: Server tá no ar na porta 3000
[2025-06-14 16:12:55] [INFO]: Conectado ao banco MariaDB com sucesso!
[2025-06-14 16:12:55] [INFO]: Conexão com banco via TypeORM OK!
[2025-06-14 16:12:55] [INFO]: Server tá no ar na porta 3000
[2025-06-14 16:13:08] [INFO]: Conectado ao banco MariaDB com sucesso!
[2025-06-14 16:13:08] [INFO]: Conexão com banco via TypeORM OK!
[2025-06-14 16:13:08] [INFO]: Server tá no ar na porta 3000
[2025-06-14 16:13:10] [INFO]: Conectado ao banco MariaDB com sucesso!
[2025-06-14 16:13:11] [INFO]: Conexão com banco via TypeORM OK!
[2025-06-14 16:13:11] [INFO]: Server tá no ar na porta 3000
[2025-06-14 16:13:12] [INFO]: Conectado ao banco MariaDB com sucesso!
[2025-06-14 16:13:12] [INFO]: Conexão com banco via TypeORM OK!
[2025-06-14 16:13:12] [INFO]: Server tá no ar na porta 3000
[2025-06-14 16:13:13] [INFO]: Conectado ao banco MariaDB com sucesso!
[2025-06-14 16:13:13] [INFO]: Conexão com banco via TypeORM OK!
[2025-06-14 16:13:13] [INFO]: Server tá no ar na porta 3000
[2025-06-14 16:13:46] [INFO]: Conectado ao banco MariaDB com sucesso!
[2025-06-14 16:13:46] [INFO]: Conexão com banco via TypeORM OK!
[2025-06-14 16:13:46] [INFO]: Server tá no ar na porta 3000
[2025-06-14 16:13:50] [INFO]: Conectado ao banco MariaDB com sucesso!
[2025-06-14 16:13:51] [INFO]: Conexão com banco via TypeORM OK!
[2025-06-14 16:13:51] [INFO]: Server tá no ar na porta 3000
[2025-06-14 16:13:54] [INFO]: Conectado ao banco MariaDB com sucesso!
[2025-06-14 16:13:55] [INFO]: Conexão com banco via TypeORM OK!
[2025-06-14 16:13:55] [INFO]: Server tá no ar na porta 3000
[2025-06-14 16:13:57] [INFO]: Conectado ao banco MariaDB com sucesso!
[2025-06-14 16:13:57] [INFO]: Conexão com banco via TypeORM OK!
[2025-06-14 16:13:57] [INFO]: Server tá no ar na porta 3000
[2025-06-14 16:13:59] [INFO]: Conectado ao banco MariaDB com sucesso!
[2025-06-14 16:13:59] [INFO]: Conexão com banco via TypeORM OK!
[2025-06-14 16:13:59] [INFO]: Server tá no ar na porta 3000
[2025-06-14 16:14:02] [INFO]: Conectado ao banco MariaDB com sucesso!
[2025-06-14 16:14:02] [INFO]: Conexão com banco via TypeORM OK!
[2025-06-14 16:14:02] [INFO]: Server tá no ar na porta 3000
[2025-06-14 16:14:05] [INFO]: Conectado ao banco MariaDB com sucesso!
[2025-06-14 16:14:05] [INFO]: Conexão com banco via TypeORM OK!
[2025-06-14 16:14:05] [INFO]: Server tá no ar na porta 3000
[2025-06-14 16:14:06] [INFO]: Conectado ao banco MariaDB com sucesso!
[2025-06-14 16:14:06] [INFO]: Conexão com banco via TypeORM OK!
[2025-06-14 16:14:06] [INFO]: Server tá no ar na porta 3000
[2025-06-14 16:14:25] [INFO]: Conectado ao banco MariaDB com sucesso!
[2025-06-14 16:14:25] [INFO]: Conexão com banco via TypeORM OK!
[2025-06-14 16:14:25] [INFO]: Server tá no ar na porta 3000
[2025-06-14 16:14:28] [INFO]: Conectado ao banco MariaDB com sucesso!
[2025-06-14 16:14:29] [INFO]: Conexão com banco via TypeORM OK!
[2025-06-14 16:14:29] [INFO]: Server tá no ar na porta 3000
[2025-06-14 16:14:31] [INFO]: Conectado ao banco MariaDB com sucesso!
[2025-06-14 16:14:31] [INFO]: Conexão com banco via TypeORM OK!
[2025-06-14 16:14:31] [INFO]: Server tá no ar na porta 3000
[2025-06-14 16:14:34] [INFO]: Conectado ao banco MariaDB com sucesso!
[2025-06-14 16:14:34] [INFO]: Conexão com banco via TypeORM OK!
[2025-06-14 16:14:34] [INFO]: Server tá no ar na porta 3000
[2025-06-14 16:14:45] [INFO]: Conectado ao banco MariaDB com sucesso!
[2025-06-14 16:14:46] [INFO]: Conexão com banco via TypeORM OK!
[2025-06-14 16:14:46] [INFO]: Server tá no ar na porta 3000
[2025-06-14 16:15:13] [INFO]: Conectado ao banco MariaDB com sucesso!
[2025-06-14 16:15:13] [INFO]: Conexão com banco via TypeORM OK!
[2025-06-14 16:15:13] [INFO]: Server tá no ar na porta 3000
[2025-06-14 16:15:15] [INFO]: Conectado ao banco MariaDB com sucesso!
[2025-06-14 16:15:16] [INFO]: Conexão com banco via TypeORM OK!
[2025-06-14 16:15:16] [INFO]: Server tá no ar na porta 3000
[2025-06-14 16:15:31] [INFO]: Conectado ao banco MariaDB com sucesso!
[2025-06-14 16:15:31] [INFO]: Conexão com banco via TypeORM OK!
[2025-06-14 16:15:31] [INFO]: Server tá no ar na porta 3000
[2025-06-14 16:15:35] [INFO]: Conectado ao banco MariaDB com sucesso!
[2025-06-14 16:15:36] [INFO]: Conexão com banco via TypeORM OK!
[2025-06-14 16:15:36] [INFO]: Server tá no ar na porta 3000
[2025-06-14 16:15:39] [INFO]: Conectado ao banco MariaDB com sucesso!
[2025-06-14 16:15:39] [INFO]: Conexão com banco via TypeORM OK!
[2025-06-14 16:15:39] [INFO]: Server tá no ar na porta 3000
[2025-06-14 16:15:44] [INFO]: Conectado ao banco MariaDB com sucesso!
[2025-06-14 16:15:45] [INFO]: Conexão com banco via TypeORM OK!
[2025-06-14 16:15:45] [INFO]: Server tá no ar na porta 3000
[2025-06-14 16:15:51] [INFO]: Conectado ao banco MariaDB com sucesso!
[2025-06-14 16:15:51] [INFO]: Conexão com banco via TypeORM OK!
[2025-06-14 16:15:51] [INFO]: Server tá no ar na porta 3000
[2025-06-14 16:16:00] [INFO]: Conectado ao banco MariaDB com sucesso!
[2025-06-14 16:16:00] [INFO]: Conexão com banco via TypeORM OK!
[2025-06-14 16:16:00] [INFO]: Server tá no ar na porta 3000
[2025-06-14 16:16:03] [INFO]: Conectado ao banco MariaDB com sucesso!
[2025-06-14 16:16:03] [INFO]: Conexão com banco via TypeORM OK!
[2025-06-14 16:16:03] [INFO]: Server tá no ar na porta 3000
[2025-06-14 16:17:02] [INFO]: Login realizado com sucesso (200 OK)
[2025-06-14 16:17:09] [ERROR]: Requisição inválida, detalhes: Email é obrigatório,"emaila" is not allowed
[2025-06-14 16:17:19] [ERROR]: Cliente não existe, (status: 400)
[2025-06-14 16:17:24] [ERROR]: Cliente não existe, (status: 400)
[2025-06-14 16:19:41] [INFO]: Conectado ao banco MariaDB com sucesso!
[2025-06-14 16:19:41] [INFO]: Conexão com banco via TypeORM OK!
[2025-06-14 16:19:41] [INFO]: Server tá no ar na porta 3000
[2025-06-14 16:19:42] [INFO]: Conectado ao banco MariaDB com sucesso!
[2025-06-14 16:19:43] [INFO]: Conexão com banco via TypeORM OK!
[2025-06-14 16:19:43] [INFO]: Server tá no ar na porta 3000
[2025-06-14 16:19:48] [INFO]: Conectado ao banco MariaDB com sucesso!
[2025-06-14 16:19:48] [INFO]: Conexão com banco via TypeORM OK!
[2025-06-14 16:19:48] [INFO]: Server tá no ar na porta 3000
[2025-06-14 16:19:51] [INFO]: Conectado ao banco MariaDB com sucesso!
[2025-06-14 16:19:51] [INFO]: Conexão com banco via TypeORM OK!
[2025-06-14 16:19:51] [INFO]: Server tá no ar na porta 3000
[2025-06-14 16:19:59] [INFO]: Conectado ao banco MariaDB com sucesso!
[2025-06-14 16:20:00] [INFO]: Conexão com banco via TypeORM OK!
[2025-06-14 16:20:00] [INFO]: Server tá no ar na porta 3000
[2025-06-14 16:20:07] [INFO]: Conectado ao banco MariaDB com sucesso!
[2025-06-14 16:20:07] [INFO]: Conexão com banco via TypeORM OK!
[2025-06-14 16:20:07] [INFO]: Server tá no ar na porta 3000
[2025-06-14 16:20:11] [INFO]: Conectado ao banco MariaDB com sucesso!
[2025-06-14 16:20:11] [INFO]: Conexão com banco via TypeORM OK!
[2025-06-14 16:20:11] [INFO]: Server tá no ar na porta 3000
[2025-06-14 16:20:35] [INFO]: Conectado ao banco MariaDB com sucesso!
[2025-06-14 16:20:36] [INFO]: Conexão com banco via TypeORM OK!
[2025-06-14 16:20:36] [INFO]: Server tá no ar na porta 3000
[2025-06-14 16:20:37] [INFO]: Conectado ao banco MariaDB com sucesso!
[2025-06-14 16:20:37] [INFO]: Conexão com banco via TypeORM OK!
[2025-06-14 16:20:37] [INFO]: Server tá no ar na porta 3000
[2025-06-14 16:21:27] [INFO]: Conectado ao banco MariaDB com sucesso!
[2025-06-14 16:21:27] [INFO]: Conexão com banco via TypeORM OK!
[2025-06-14 16:21:27] [INFO]: Server tá no ar na porta 3000
[2025-06-14 16:21:45] [INFO]: Conectado ao banco MariaDB com sucesso!
[2025-06-14 16:21:45] [INFO]: Conexão com banco via TypeORM OK!
[2025-06-14 16:21:45] [INFO]: Server tá no ar na porta 3000
[2025-06-14 16:21:57] [INFO]: Conectado ao banco MariaDB com sucesso!
[2025-06-14 16:21:58] [INFO]: Conectado ao banco MariaDB com sucesso!
[2025-06-14 16:21:58] [INFO]: Conexão com banco via TypeORM OK!
[2025-06-14 16:21:58] [INFO]: Server tá no ar na porta 3000
[2025-06-14 16:22:58] [INFO]: Conectado ao banco MariaDB com sucesso!
[2025-06-14 16:22:58] [INFO]: Conexão com banco via TypeORM OK!
[2025-06-14 16:22:58] [INFO]: Server tá no ar na porta 3000
[2025-06-14 16:23:01] [INFO]: Conectado ao banco MariaDB com sucesso!
[2025-06-14 16:23:01] [INFO]: Conexão com banco via TypeORM OK!
[2025-06-14 16:23:01] [INFO]: Server tá no ar na porta 3000
[2025-06-14 16:23:04] [INFO]: Conectado ao banco MariaDB com sucesso!
[2025-06-14 16:23:04] [INFO]: Conexão com banco via TypeORM OK!
[2025-06-14 16:23:04] [INFO]: Server tá no ar na porta 3000
[2025-06-14 16:23:21] [INFO]: Conectado ao banco MariaDB com sucesso!
[2025-06-14 16:23:21] [INFO]: Conexão com banco via TypeORM OK!
[2025-06-14 16:23:21] [INFO]: Server tá no ar na porta 3000
[2025-06-14 16:23:33] [INFO]: Conectado ao banco MariaDB com sucesso!
[2025-06-14 16:23:33] [INFO]: Conexão com banco via TypeORM OK!
[2025-06-14 16:23:33] [INFO]: Server tá no ar na porta 3000
[2025-06-14 16:24:57] [INFO]: Conectado ao banco MariaDB com sucesso!
[2025-06-14 16:24:57] [INFO]: Conexão com banco via TypeORM OK!
[2025-06-14 16:24:57] [INFO]: Server tá no ar na porta 3000
[2025-06-14 16:25:04] [INFO]: Conectado ao banco MariaDB com sucesso!
[2025-06-14 16:25:05] [INFO]: Conexão com banco via TypeORM OK!
[2025-06-14 16:25:05] [INFO]: Server tá no ar na porta 3000
[2025-06-14 16:25:08] [INFO]: Conectado ao banco MariaDB com sucesso!
[2025-06-14 16:25:08] [INFO]: Conexão com banco via TypeORM OK!
[2025-06-14 16:25:08] [INFO]: Server tá no ar na porta 3000
[2025-06-14 16:25:29] [INFO]: Conectado ao banco MariaDB com sucesso!
[2025-06-14 16:25:30] [INFO]: Conexão com banco via TypeORM OK!
[2025-06-14 16:25:30] [INFO]: Server tá no ar na porta 3000
[2025-06-14 16:25:32] [INFO]: Conectado ao banco MariaDB com sucesso!
[2025-06-14 16:25:32] [INFO]: Conexão com banco via TypeORM OK!
[2025-06-14 16:25:32] [INFO]: Server tá no ar na porta 3000
[2025-06-14 16:25:35] [INFO]: Conectado ao banco MariaDB com sucesso!
[2025-06-14 16:25:35] [INFO]: Conexão com banco via TypeORM OK!
[2025-06-14 16:25:35] [INFO]: Server tá no ar na porta 3000
[2025-06-14 16:25:54] [INFO]: Conectado ao banco MariaDB com sucesso!
[2025-06-14 16:25:54] [INFO]: Conexão com banco via TypeORM OK!
[2025-06-14 16:25:54] [INFO]: Server tá no ar na porta 3000
[2025-06-14 16:25:56] [INFO]: Conectado ao banco MariaDB com sucesso!
[2025-06-14 16:25:56] [INFO]: Conexão com banco via TypeORM OK!
[2025-06-14 16:25:56] [INFO]: Server tá no ar na porta 3000
[2025-06-14 16:25:59] [INFO]: Conectado ao banco MariaDB com sucesso!
[2025-06-14 16:26:00] [INFO]: Conectado ao banco MariaDB com sucesso!
[2025-06-14 16:26:00] [INFO]: Conexão com banco via TypeORM OK!
[2025-06-14 16:26:00] [INFO]: Server tá no ar na porta 3000
[2025-06-14 16:26:10] [INFO]: Conectado ao banco MariaDB com sucesso!
[2025-06-14 16:26:10] [INFO]: Conexão com banco via TypeORM OK!
[2025-06-14 16:26:10] [INFO]: Server tá no ar na porta 3000
[2025-06-14 16:26:31] [INFO]: Conectado ao banco MariaDB com sucesso!
[2025-06-14 16:26:31] [INFO]: Conexão com banco via TypeORM OK!
[2025-06-14 16:26:31] [INFO]: Server tá no ar na porta 3000
[2025-06-14 16:26:39] [INFO]: Conectado ao banco MariaDB com sucesso!
[2025-06-14 16:26:39] [INFO]: Conexão com banco via TypeORM OK!
[2025-06-14 16:26:39] [INFO]: Server tá no ar na porta 3000
[2025-06-14 16:26:43] [INFO]: Conectado ao banco MariaDB com sucesso!
[2025-06-14 16:26:43] [INFO]: Conexão com banco via TypeORM OK!
[2025-06-14 16:26:43] [INFO]: Server tá no ar na porta 3000
[2025-06-14 16:26:46] [INFO]: Conectado ao banco MariaDB com sucesso!
[2025-06-14 16:26:46] [INFO]: Conexão com banco via TypeORM OK!
[2025-06-14 16:26:46] [INFO]: Server tá no ar na porta 3000
[2025-06-14 16:26:50] [INFO]: Conectado ao banco MariaDB com sucesso!
[2025-06-14 16:26:51] [INFO]: Conexão com banco via TypeORM OK!
[2025-06-14 16:26:51] [INFO]: Server tá no ar na porta 3000
[2025-06-14 16:28:09] [INFO]: Conectado ao banco MariaDB com sucesso!
[2025-06-14 16:28:09] [INFO]: Conexão com banco via TypeORM OK!
[2025-06-14 16:28:09] [INFO]: Server tá no ar na porta 3000
[2025-06-14 16:28:14] [INFO]: Conectado ao banco MariaDB com sucesso!
[2025-06-14 16:28:14] [INFO]: Conexão com banco via TypeORM OK!
[2025-06-14 16:28:14] [INFO]: Server tá no ar na porta 3000
[2025-06-14 16:28:19] [INFO]: Conectado ao banco MariaDB com sucesso!
[2025-06-14 16:28:19] [INFO]: Conexão com banco via TypeORM OK!
[2025-06-14 16:28:19] [INFO]: Server tá no ar na porta 3000
[2025-06-14 16:28:22] [INFO]: Conectado ao banco MariaDB com sucesso!
[2025-06-14 16:28:23] [INFO]: Conexão com banco via TypeORM OK!
[2025-06-14 16:28:23] [INFO]: Server tá no ar na porta 3000
[2025-06-14 16:28:27] [INFO]: Conectado ao banco MariaDB com sucesso!
[2025-06-14 16:28:27] [INFO]: Conexão com banco via TypeORM OK!
[2025-06-14 16:28:27] [INFO]: Server tá no ar na porta 3000
[2025-06-14 16:28:55] [INFO]: Login realizado com sucesso (200 OK)
[2025-06-14 16:31:21] [INFO]: Conectado ao banco MariaDB com sucesso!
[2025-06-14 16:31:21] [INFO]: Conexão com banco via TypeORM OK!
[2025-06-14 16:31:21] [INFO]: Server tá no ar na porta 3000
[2025-06-14 16:31:22] [INFO]: Conectado ao banco MariaDB com sucesso!
[2025-06-14 16:31:23] [INFO]: Conexão com banco via TypeORM OK!
[2025-06-14 16:31:23] [INFO]: Server tá no ar na porta 3000
[2025-06-14 16:31:38] [INFO]: Conectado ao banco MariaDB com sucesso!
[2025-06-14 16:31:38] [INFO]: Conexão com banco via TypeORM OK!
[2025-06-14 16:31:39] [INFO]: Server tá no ar na porta 3000
[2025-06-14 16:32:22] [INFO]: Conectado ao banco MariaDB com sucesso!
[2025-06-14 16:32:23] [INFO]: Conectado ao banco MariaDB com sucesso!
[2025-06-14 16:32:23] [INFO]: Conexão com banco via TypeORM OK!
[2025-06-14 16:32:23] [INFO]: Server tá no ar na porta 3000
[2025-06-14 16:32:25] [INFO]: Conectado ao banco MariaDB com sucesso!
[2025-06-14 16:32:25] [INFO]: Conexão com banco via TypeORM OK!
[2025-06-14 16:32:25] [INFO]: Server tá no ar na porta 3000
[2025-06-14 16:32:28] [INFO]: Conectado ao banco MariaDB com sucesso!
[2025-06-14 16:32:28] [INFO]: Conexão com banco via TypeORM OK!
[2025-06-14 16:32:28] [INFO]: Server tá no ar na porta 3000
[2025-06-14 16:32:32] [INFO]: Conectado ao banco MariaDB com sucesso!
[2025-06-14 16:32:32] [INFO]: Conexão com banco via TypeORM OK!
[2025-06-14 16:32:32] [INFO]: Server tá no ar na porta 3000
[2025-06-14 16:32:37] [INFO]: Conectado ao banco MariaDB com sucesso!
[2025-06-14 16:32:37] [INFO]: Conexão com banco via TypeORM OK!
[2025-06-14 16:32:37] [INFO]: Server tá no ar na porta 3000
[2025-06-14 16:32:41] [INFO]: Conectado ao banco MariaDB com sucesso!
[2025-06-14 16:32:41] [INFO]: Conexão com banco via TypeORM OK!
[2025-06-14 16:32:41] [INFO]: Server tá no ar na porta 3000
[2025-06-14 16:32:53] [INFO]: Conectado ao banco MariaDB com sucesso!
[2025-06-14 16:32:54] [INFO]: Conexão com banco via TypeORM OK!
[2025-06-14 16:32:54] [INFO]: Server tá no ar na porta 3000
[2025-06-14 16:32:56] [INFO]: Conectado ao banco MariaDB com sucesso!
[2025-06-14 16:32:56] [INFO]: Conexão com banco via TypeORM OK!
[2025-06-14 16:32:56] [INFO]: Server tá no ar na porta 3000
[2025-06-14 16:32:59] [INFO]: Conectado ao banco MariaDB com sucesso!
[2025-06-14 16:32:59] [INFO]: Conexão com banco via TypeORM OK!
[2025-06-14 16:32:59] [INFO]: Server tá no ar na porta 3000
[2025-06-14 16:33:07] [INFO]: Conectado ao banco MariaDB com sucesso!
[2025-06-14 16:33:07] [INFO]: Conexão com banco via TypeORM OK!
[2025-06-14 16:33:07] [INFO]: Server tá no ar na porta 3000
[2025-06-14 16:33:15] [INFO]: Conectado ao banco MariaDB com sucesso!
[2025-06-14 16:33:16] [INFO]: Conexão com banco via TypeORM OK!
[2025-06-14 16:33:16] [INFO]: Server tá no ar na porta 3000
[2025-06-14 16:33:17] [INFO]: Conectado ao banco MariaDB com sucesso!
[2025-06-14 16:33:17] [INFO]: Conexão com banco via TypeORM OK!
[2025-06-14 16:33:17] [INFO]: Server tá no ar na porta 3000
[2025-06-14 16:33:25] [INFO]: Conectado ao banco MariaDB com sucesso!
[2025-06-14 16:33:25] [INFO]: Conexão com banco via TypeORM OK!
[2025-06-14 16:33:25] [INFO]: Server tá no ar na porta 3000
[2025-06-14 16:33:49] [INFO]: Conectado ao banco MariaDB com sucesso!
[2025-06-14 16:33:50] [INFO]: Conexão com banco via TypeORM OK!
[2025-06-14 16:33:50] [INFO]: Server tá no ar na porta 3000
[2025-06-14 16:33:59] [INFO]: Conectado ao banco MariaDB com sucesso!
[2025-06-14 16:33:59] [INFO]: Conexão com banco via TypeORM OK!
[2025-06-14 16:33:59] [INFO]: Server tá no ar na porta 3000
[2025-06-14 16:34:04] [INFO]: Conectado ao banco MariaDB com sucesso!
[2025-06-14 16:34:04] [INFO]: Conexão com banco via TypeORM OK!
[2025-06-14 16:34:04] [INFO]: Server tá no ar na porta 3000
[2025-06-14 16:34:14] [INFO]: Conectado ao banco MariaDB com sucesso!
[2025-06-14 16:34:14] [INFO]: Conexão com banco via TypeORM OK!
[2025-06-14 16:34:14] [INFO]: Server tá no ar na porta 3000
[2025-06-14 16:34:21] [INFO]: Conectado ao banco MariaDB com sucesso!
[2025-06-14 16:34:22] [INFO]: Conexão com banco via TypeORM OK!
[2025-06-14 16:34:22] [INFO]: Server tá no ar na porta 3000
[2025-06-14 16:34:23] [INFO]: Conectado ao banco MariaDB com sucesso!
[2025-06-14 16:34:23] [INFO]: Conexão com banco via TypeORM OK!
[2025-06-14 16:34:23] [INFO]: Server tá no ar na porta 3000
[2025-06-14 16:34:35] [INFO]: Conectado ao banco MariaDB com sucesso!
[2025-06-14 16:34:35] [INFO]: Conexão com banco via TypeORM OK!
[2025-06-14 16:34:35] [INFO]: Server tá no ar na porta 3000
[2025-06-14 16:34:51] [ERROR]: Rota POST /produts não encontrada
[2025-06-14 16:35:04] [INFO]: Produto criado com sucesso (200 OK)
[2025-06-14 16:35:23] [INFO]: Conectado ao banco MariaDB com sucesso!
[2025-06-14 16:35:23] [INFO]: Conexão com banco via TypeORM OK!
[2025-06-14 16:35:23] [INFO]: Server tá no ar na porta 3000
[2025-06-14 16:35:25] [INFO]: Conectado ao banco MariaDB com sucesso!
[2025-06-14 16:35:25] [INFO]: Conexão com banco via TypeORM OK!
[2025-06-14 16:35:25] [INFO]: Server tá no ar na porta 3000
[2025-06-14 16:35:29] [INFO]: Conectado ao banco MariaDB com sucesso!
[2025-06-14 16:35:29] [INFO]: Conexão com banco via TypeORM OK!
[2025-06-14 16:35:29] [INFO]: Server tá no ar na porta 3000
[2025-06-14 16:35:30] [INFO]: Conectado ao banco MariaDB com sucesso!
[2025-06-14 16:35:31] [INFO]: Conexão com banco via TypeORM OK!
[2025-06-14 16:35:31] [INFO]: Server tá no ar na porta 3000
[2025-06-14 16:35:33] [INFO]: Conectado ao banco MariaDB com sucesso!
[2025-06-14 16:35:34] [INFO]: Conexão com banco via TypeORM OK!
[2025-06-14 16:35:34] [INFO]: Server tá no ar na porta 3000
[2025-06-14 16:35:35] [INFO]: Conectado ao banco MariaDB com sucesso!
[2025-06-14 16:35:43] [INFO]: Conectado ao banco MariaDB com sucesso!
[2025-06-14 16:35:43] [INFO]: Conexão com banco via TypeORM OK!
[2025-06-14 16:35:43] [INFO]: Server tá no ar na porta 3000
[2025-06-14 16:35:50] [INFO]: Conectado ao banco MariaDB com sucesso!
[2025-06-14 16:35:51] [INFO]: Conexão com banco via TypeORM OK!
[2025-06-14 16:35:51] [INFO]: Server tá no ar na porta 3000
[2025-06-14 16:35:56] [INFO]: Conectado ao banco MariaDB com sucesso!
[2025-06-14 16:35:56] [INFO]: Conexão com banco via TypeORM OK!
[2025-06-14 16:35:56] [INFO]: Server tá no ar na porta 3000
[2025-06-14 16:36:19] [INFO]: Produto criado com sucesso (200 OK)
[2025-06-14 16:36:38] [INFO]: Conectado ao banco MariaDB com sucesso!
[2025-06-14 16:36:38] [INFO]: Conexão com banco via TypeORM OK!
[2025-06-14 16:36:38] [INFO]: Server tá no ar na porta 3000
[2025-06-14 16:36:54] [INFO]: Produto: Cerveja Skol, criado com sucesso (200 OK)
[2025-06-14 16:37:13] [INFO]: Conectado ao banco MariaDB com sucesso!
[2025-06-14 16:37:13] [INFO]: Conexão com banco via TypeORM OK!
[2025-06-14 16:37:13] [INFO]: Server tá no ar na porta 3000
[2025-06-14 16:37:15] [INFO]: Conectado ao banco MariaDB com sucesso!
[2025-06-14 16:37:15] [INFO]: Conexão com banco via TypeORM OK!
[2025-06-14 16:37:15] [INFO]: Server tá no ar na porta 3000
[2025-06-14 16:37:18] [INFO]: Conectado ao banco MariaDB com sucesso!
[2025-06-14 16:37:18] [INFO]: Conexão com banco via TypeORM OK!
[2025-06-14 16:37:18] [INFO]: Server tá no ar na porta 3000
[2025-06-14 16:37:21] [INFO]: Conectado ao banco MariaDB com sucesso!
[2025-06-14 16:37:21] [INFO]: Conexão com banco via TypeORM OK!
[2025-06-14 16:37:21] [INFO]: Server tá no ar na porta 3000
[2025-06-14 16:37:27] [INFO]: Conectado ao banco MariaDB com sucesso!
[2025-06-14 16:37:27] [INFO]: Conexão com banco via TypeORM OK!
[2025-06-14 16:37:27] [INFO]: Server tá no ar na porta 3000
[2025-06-14 16:37:30] [INFO]: Conectado ao banco MariaDB com sucesso!
[2025-06-14 16:37:31] [INFO]: Conexão com banco via TypeORM OK!
[2025-06-14 16:37:31] [INFO]: Server tá no ar na porta 3000
[2025-06-14 16:37:35] [INFO]: Conectado ao banco MariaDB com sucesso!
[2025-06-14 16:37:35] [INFO]: Conexão com banco via TypeORM OK!
[2025-06-14 16:37:35] [INFO]: Server tá no ar na porta 3000
[2025-06-14 16:37:38] [INFO]: Conectado ao banco MariaDB com sucesso!
[2025-06-14 16:37:38] [INFO]: Conexão com banco via TypeORM OK!
[2025-06-14 16:37:38] [INFO]: Server tá no ar na porta 3000
[2025-06-14 16:38:11] [INFO]: Conectado ao banco MariaDB com sucesso!
[2025-06-14 16:38:12] [INFO]: Conexão com banco via TypeORM OK!
[2025-06-14 16:38:12] [INFO]: Server tá no ar na porta 3000
[2025-06-14 16:38:33] [INFO]: Conectado ao banco MariaDB com sucesso!
[2025-06-14 16:38:33] [INFO]: Conexão com banco via TypeORM OK!
[2025-06-14 16:38:33] [INFO]: Server tá no ar na porta 3000
[2025-06-14 16:38:36] [INFO]: Conectado ao banco MariaDB com sucesso!
[2025-06-14 16:38:36] [INFO]: Conexão com banco via TypeORM OK!
[2025-06-14 16:38:36] [INFO]: Server tá no ar na porta 3000
[2025-06-14 16:38:38] [INFO]: Conectado ao banco MariaDB com sucesso!
[2025-06-14 16:38:39] [INFO]: Conexão com banco via TypeORM OK!
[2025-06-14 16:38:39] [INFO]: Server tá no ar na porta 3000
[2025-06-14 16:38:45] [INFO]: Conectado ao banco MariaDB com sucesso!
[2025-06-14 16:38:45] [INFO]: Conexão com banco via TypeORM OK!
[2025-06-14 16:38:45] [INFO]: Server tá no ar na porta 3000
[2025-06-14 16:38:48] [INFO]: Conectado ao banco MariaDB com sucesso!
[2025-06-14 16:38:49] [INFO]: Conexão com banco via TypeORM OK!
[2025-06-14 16:38:49] [INFO]: Server tá no ar na porta 3000
[2025-06-14 16:38:54] [INFO]: Conectado ao banco MariaDB com sucesso!
[2025-06-14 16:38:55] [INFO]: Conexão com banco via TypeORM OK!
[2025-06-14 16:38:55] [INFO]: Server tá no ar na porta 3000
[2025-06-14 16:38:57] [INFO]: Conectado ao banco MariaDB com sucesso!
[2025-06-14 16:38:57] [INFO]: Conexão com banco via TypeORM OK!
[2025-06-14 16:38:57] [INFO]: Server tá no ar na porta 3000
[2025-06-14 16:39:00] [INFO]: Conectado ao banco MariaDB com sucesso!
[2025-06-14 16:39:00] [INFO]: Conexão com banco via TypeORM OK!
[2025-06-14 16:39:00] [INFO]: Server tá no ar na porta 3000
[2025-06-14 16:39:05] [INFO]: Conectado ao banco MariaDB com sucesso!
[2025-06-14 16:39:06] [INFO]: Conexão com banco via TypeORM OK!
[2025-06-14 16:39:06] [INFO]: Server tá no ar na porta 3000
[2025-06-14 16:39:15] [INFO]: Login: joao, realizado com sucesso (200 OK)
[2025-06-14 15:39:49] [INFO]: Conectado ao banco MariaDB com sucesso!
[2025-06-14 15:39:49] [INFO]: Conexão com banco via TypeORM OK!
[2025-06-14 15:39:49] [INFO]: Server tá no ar na porta 3000
[2025-06-14 15:40:52] [ERROR]: Rota GET /produto/listar não encontrada
[2025-06-14 15:41:03] [INFO]: Produtos listados com sucesso (200 OK)
[2025-06-14 15:41:26] [INFO]: Conectado ao banco MariaDB com sucesso!
[2025-06-14 15:41:26] [INFO]: Conexão com banco via TypeORM OK!
[2025-06-14 15:41:26] [INFO]: Server tá no ar na porta 3000
[2025-06-14 15:41:29] [INFO]: Conectado ao banco MariaDB com sucesso!
[2025-06-14 15:41:29] [INFO]: Conexão com banco via TypeORM OK!
[2025-06-14 15:41:29] [INFO]: Server tá no ar na porta 3000
[2025-06-14 15:41:31] [INFO]: Conectado ao banco MariaDB com sucesso!
[2025-06-14 15:41:31] [INFO]: Conexão com banco via TypeORM OK!
[2025-06-14 15:41:31] [INFO]: Server tá no ar na porta 3000
[2025-06-14 15:42:05] [INFO]: Conectado ao banco MariaDB com sucesso!
[2025-06-14 15:42:05] [INFO]: Conexão com banco via TypeORM OK!
[2025-06-14 15:42:05] [INFO]: Server tá no ar na porta 3000
[2025-06-14 15:42:10] [INFO]: Conectado ao banco MariaDB com sucesso!
[2025-06-14 15:42:10] [INFO]: Conexão com banco via TypeORM OK!
[2025-06-14 15:42:10] [INFO]: Server tá no ar na porta 3000
[2025-06-14 15:42:29] [INFO]: Conectado ao banco MariaDB com sucesso!
[2025-06-14 15:42:29] [INFO]: Conexão com banco via TypeORM OK!
[2025-06-14 15:42:29] [INFO]: Server tá no ar na porta 3000
[2025-06-14 15:42:55] [INFO]: Conectado ao banco MariaDB com sucesso!
[2025-06-14 15:42:55] [INFO]: Conexão com banco via TypeORM OK!
[2025-06-14 15:42:55] [INFO]: Server tá no ar na porta 3000
[2025-06-14 15:43:09] [INFO]: Conectado ao banco MariaDB com sucesso!
[2025-06-14 15:43:10] [INFO]: Conectado ao banco MariaDB com sucesso!
[2025-06-14 15:43:11] [INFO]: Conexão com banco via TypeORM OK!
[2025-06-14 15:43:11] [INFO]: Server tá no ar na porta 3000
[2025-06-14 15:43:34] [INFO]: Conectado ao banco MariaDB com sucesso!
[2025-06-14 15:43:34] [INFO]: Conexão com banco via TypeORM OK!
[2025-06-14 15:43:34] [INFO]: Server tá no ar na porta 3000
[2025-06-14 15:43:37] [INFO]: Conectado ao banco MariaDB com sucesso!
[2025-06-14 15:43:37] [INFO]: Conexão com banco via TypeORM OK!
[2025-06-14 15:43:37] [INFO]: Server tá no ar na porta 3000
[2025-06-14 15:43:57] [INFO]: Conectado ao banco MariaDB com sucesso!
[2025-06-14 15:43:57] [INFO]: Conexão com banco via TypeORM OK!
[2025-06-14 15:43:57] [INFO]: Server tá no ar na porta 3000
[2025-06-14 15:44:05] [INFO]: Conectado ao banco MariaDB com sucesso!
[2025-06-14 15:44:05] [INFO]: Conexão com banco via TypeORM OK!
[2025-06-14 15:44:05] [INFO]: Server tá no ar na porta 3000
[2025-06-14 15:44:07] [INFO]: Conectado ao banco MariaDB com sucesso!
[2025-06-14 15:44:07] [INFO]: Conexão com banco via TypeORM OK!
[2025-06-14 15:44:07] [INFO]: Server tá no ar na porta 3000
[2025-06-14 15:44:13] [INFO]: Conectado ao banco MariaDB com sucesso!
[2025-06-14 15:44:13] [INFO]: Conexão com banco via TypeORM OK!
[2025-06-14 15:44:13] [INFO]: Server tá no ar na porta 3000
[2025-06-14 15:44:17] [INFO]: Conectado ao banco MariaDB com sucesso!
[2025-06-14 15:44:18] [INFO]: Conexão com banco via TypeORM OK!
[2025-06-14 15:44:18] [INFO]: Server tá no ar na porta 3000
[2025-06-14 15:44:30] [INFO]: Conectado ao banco MariaDB com sucesso!
[2025-06-14 15:44:31] [INFO]: Conexão com banco via TypeORM OK!
[2025-06-14 15:44:31] [INFO]: Server tá no ar na porta 3000
[2025-06-14 15:44:34] [INFO]: Conectado ao banco MariaDB com sucesso!
[2025-06-14 15:44:35] [INFO]: Conexão com banco via TypeORM OK!
[2025-06-14 15:44:35] [INFO]: Server tá no ar na porta 3000
[2025-06-14 15:44:39] [INFO]: Conectado ao banco MariaDB com sucesso!
[2025-06-14 15:44:39] [INFO]: Conexão com banco via TypeORM OK!
[2025-06-14 15:44:39] [INFO]: Server tá no ar na porta 3000
[2025-06-14 15:44:45] [INFO]: Conectado ao banco MariaDB com sucesso!
[2025-06-14 15:44:45] [INFO]: Conexão com banco via TypeORM OK!
[2025-06-14 15:44:45] [INFO]: Server tá no ar na porta 3000
[2025-06-14 15:44:53] [INFO]: Conectado ao banco MariaDB com sucesso!
[2025-06-14 15:44:54] [INFO]: Conexão com banco via TypeORM OK!
[2025-06-14 15:44:54] [INFO]: Server tá no ar na porta 3000
[2025-06-14 15:44:57] [INFO]: Conectado ao banco MariaDB com sucesso!
[2025-06-14 15:44:57] [INFO]: Conexão com banco via TypeORM OK!
[2025-06-14 15:44:57] [INFO]: Server tá no ar na porta 3000
[2025-06-14 15:44:59] [INFO]: Conectado ao banco MariaDB com sucesso!
[2025-06-14 15:44:59] [INFO]: Conexão com banco via TypeORM OK!
[2025-06-14 15:44:59] [INFO]: Server tá no ar na porta 3000
[2025-06-14 15:45:00] [INFO]: Conectado ao banco MariaDB com sucesso!
[2025-06-14 15:45:01] [INFO]: Conexão com banco via TypeORM OK!
[2025-06-14 15:45:01] [INFO]: Server tá no ar na porta 3000
[2025-06-14 15:45:02] [INFO]: Conectado ao banco MariaDB com sucesso!
[2025-06-14 15:45:03] [INFO]: Conexão com banco via TypeORM OK!
[2025-06-14 15:45:03] [INFO]: Server tá no ar na porta 3000
[2025-06-14 15:45:05] [INFO]: Conectado ao banco MariaDB com sucesso!
[2025-06-14 15:45:05] [INFO]: Conexão com banco via TypeORM OK!
[2025-06-14 15:45:05] [INFO]: Server tá no ar na porta 3000
[2025-06-14 15:45:08] [INFO]: Conectado ao banco MariaDB com sucesso!
[2025-06-14 15:45:08] [INFO]: Conexão com banco via TypeORM OK!
[2025-06-14 15:45:08] [INFO]: Server tá no ar na porta 3000
[2025-06-14 15:45:09] [INFO]: Conectado ao banco MariaDB com sucesso!
[2025-06-14 15:45:10] [INFO]: Conexão com banco via TypeORM OK!
[2025-06-14 15:45:10] [INFO]: Server tá no ar na porta 3000
[2025-06-14 15:45:15] [INFO]: Conectado ao banco MariaDB com sucesso!
[2025-06-14 15:45:16] [INFO]: Conexão com banco via TypeORM OK!
[2025-06-14 15:45:16] [INFO]: Server tá no ar na porta 3000
[2025-06-14 15:45:17] [INFO]: Conectado ao banco MariaDB com sucesso!
[2025-06-14 15:45:17] [INFO]: Conexão com banco via TypeORM OK!
[2025-06-14 15:45:17] [INFO]: Server tá no ar na porta 3000
[2025-06-14 15:45:20] [INFO]: Conectado ao banco MariaDB com sucesso!
[2025-06-14 15:45:20] [INFO]: Conexão com banco via TypeORM OK!
[2025-06-14 15:45:20] [INFO]: Server tá no ar na porta 3000
[2025-06-14 15:45:22] [INFO]: Conectado ao banco MariaDB com sucesso!
[2025-06-14 15:45:23] [INFO]: Conexão com banco via TypeORM OK!
[2025-06-14 15:45:23] [INFO]: Server tá no ar na porta 3000
[2025-06-14 15:45:26] [INFO]: Conectado ao banco MariaDB com sucesso!
[2025-06-14 15:45:26] [INFO]: Conexão com banco via TypeORM OK!
[2025-06-14 15:45:26] [INFO]: Server tá no ar na porta 3000
[2025-06-14 15:45:32] [INFO]: Conectado ao banco MariaDB com sucesso!
[2025-06-14 15:45:32] [INFO]: Conexão com banco via TypeORM OK!
[2025-06-14 15:45:32] [INFO]: Server tá no ar na porta 3000
[2025-06-14 15:45:34] [INFO]: Conectado ao banco MariaDB com sucesso!
[2025-06-14 15:45:34] [INFO]: Conexão com banco via TypeORM OK!
[2025-06-14 15:45:34] [INFO]: Server tá no ar na porta 3000
[2025-06-14 15:45:37] [INFO]: Conectado ao banco MariaDB com sucesso!
[2025-06-14 15:45:38] [INFO]: Conexão com banco via TypeORM OK!
[2025-06-14 15:45:38] [INFO]: Server tá no ar na porta 3000
[2025-06-14 15:45:52] [INFO]: Conectado ao banco MariaDB com sucesso!
[2025-06-14 15:45:53] [INFO]: Conexão com banco via TypeORM OK!
[2025-06-14 15:45:53] [INFO]: Server tá no ar na porta 3000
[2025-06-14 15:45:58] [INFO]: Conectado ao banco MariaDB com sucesso!
[2025-06-14 15:45:58] [INFO]: Conexão com banco via TypeORM OK!
[2025-06-14 15:45:58] [INFO]: Server tá no ar na porta 3000
[2025-06-14 15:46:08] [INFO]: Conectado ao banco MariaDB com sucesso!
[2025-06-14 15:46:08] [INFO]: Conexão com banco via TypeORM OK!
[2025-06-14 15:46:08] [INFO]: Server tá no ar na porta 3000
[2025-06-14 15:46:36] [INFO]: Conectado ao banco MariaDB com sucesso!
[2025-06-14 15:46:36] [INFO]: Conexão com banco via TypeORM OK!
[2025-06-14 15:46:36] [INFO]: Server tá no ar na porta 3000
[2025-06-14 15:46:37] [INFO]: Conectado ao banco MariaDB com sucesso!
[2025-06-14 15:46:38] [INFO]: Conexão com banco via TypeORM OK!
[2025-06-14 15:46:38] [INFO]: Server tá no ar na porta 3000
[2025-06-14 15:46:39] [INFO]: Conectado ao banco MariaDB com sucesso!
[2025-06-14 15:46:39] [INFO]: Conexão com banco via TypeORM OK!
[2025-06-14 15:46:39] [INFO]: Server tá no ar na porta 3000
[2025-06-14 15:46:45] [INFO]: Conectado ao banco MariaDB com sucesso!
[2025-06-14 15:46:45] [INFO]: Conexão com banco via TypeORM OK!
[2025-06-14 15:46:45] [INFO]: Server tá no ar na porta 3000
[2025-06-14 15:46:47] [INFO]: Conectado ao banco MariaDB com sucesso!
[2025-06-14 15:46:47] [INFO]: Conexão com banco via TypeORM OK!
[2025-06-14 15:46:47] [INFO]: Server tá no ar na porta 3000
[2025-06-14 15:46:50] [INFO]: Conectado ao banco MariaDB com sucesso!
[2025-06-14 15:46:50] [INFO]: Conexão com banco via TypeORM OK!
[2025-06-14 15:46:50] [INFO]: Server tá no ar na porta 3000
[2025-06-14 15:46:53] [INFO]: Conectado ao banco MariaDB com sucesso!
[2025-06-14 15:46:54] [INFO]: Conexão com banco via TypeORM OK!
[2025-06-14 15:46:54] [INFO]: Server tá no ar na porta 3000
[2025-06-14 15:47:00] [INFO]: Conectado ao banco MariaDB com sucesso!
[2025-06-14 15:47:00] [INFO]: Conexão com banco via TypeORM OK!
[2025-06-14 15:47:00] [INFO]: Server tá no ar na porta 3000
[2025-06-14 15:47:03] [INFO]: Conectado ao banco MariaDB com sucesso!
[2025-06-14 15:47:03] [INFO]: Conexão com banco via TypeORM OK!
[2025-06-14 15:47:03] [INFO]: Server tá no ar na porta 3000
[2025-06-14 15:47:14] [INFO]: Conectado ao banco MariaDB com sucesso!
[2025-06-14 15:47:16] [INFO]: Conectado ao banco MariaDB com sucesso!
[2025-06-14 15:47:16] [INFO]: Conexão com banco via TypeORM OK!
[2025-06-14 15:47:16] [INFO]: Server tá no ar na porta 3000
[2025-06-14 15:47:19] [INFO]: Conectado ao banco MariaDB com sucesso!
[2025-06-14 15:47:19] [INFO]: Conexão com banco via TypeORM OK!
[2025-06-14 15:47:19] [INFO]: Server tá no ar na porta 3000
[2025-06-14 15:47:22] [INFO]: Conectado ao banco MariaDB com sucesso!
[2025-06-14 15:47:22] [INFO]: Conexão com banco via TypeORM OK!
[2025-06-14 15:47:22] [INFO]: Server tá no ar na porta 3000
[2025-06-14 15:47:30] [INFO]: Conectado ao banco MariaDB com sucesso!
[2025-06-14 15:47:30] [INFO]: Conexão com banco via TypeORM OK!
[2025-06-14 15:47:30] [INFO]: Server tá no ar na porta 3000
[2025-06-14 15:47:34] [INFO]: Conectado ao banco MariaDB com sucesso!
[2025-06-14 15:47:34] [INFO]: Conexão com banco via TypeORM OK!
[2025-06-14 15:47:34] [INFO]: Server tá no ar na porta 3000
[2025-06-14 15:47:35] [INFO]: Conectado ao banco MariaDB com sucesso!
[2025-06-14 15:47:36] [INFO]: Conexão com banco via TypeORM OK!
[2025-06-14 15:47:36] [INFO]: Server tá no ar na porta 3000
[2025-06-14 15:47:37] [INFO]: Conectado ao banco MariaDB com sucesso!
[2025-06-14 15:47:37] [INFO]: Conexão com banco via TypeORM OK!
[2025-06-14 15:47:37] [INFO]: Server tá no ar na porta 3000
[2025-06-14 15:49:30] [INFO]: Conectado ao banco MariaDB com sucesso!
[2025-06-14 15:49:30] [INFO]: Conexão com banco via TypeORM OK!
[2025-06-14 15:49:30] [INFO]: Server tá no ar na porta 3000
[2025-06-14 15:49:46] [INFO]: Conectado ao banco MariaDB com sucesso!
[2025-06-14 15:49:46] [INFO]: Conexão com banco via TypeORM OK!
[2025-06-14 15:49:46] [INFO]: Server tá no ar na porta 3000
[2025-06-14 15:49:49] [INFO]: Conectado ao banco MariaDB com sucesso!
[2025-06-14 15:49:50] [INFO]: Conexão com banco via TypeORM OK!
[2025-06-14 15:49:50] [INFO]: Server tá no ar na porta 3000
[2025-06-14 15:49:51] [INFO]: Conectado ao banco MariaDB com sucesso!
[2025-06-14 15:49:51] [INFO]: Conexão com banco via TypeORM OK!
[2025-06-14 15:49:51] [INFO]: Server tá no ar na porta 3000
[2025-06-14 15:51:29] [INFO]: Conectado ao banco MariaDB com sucesso!
[2025-06-14 15:51:30] [INFO]: Conexão com banco via TypeORM OK!
[2025-06-14 15:51:30] [INFO]: Server tá no ar na porta 3000
[2025-06-14 15:53:18] [INFO]: Conectado ao banco MariaDB com sucesso!
[2025-06-14 15:53:18] [INFO]: Conexão com banco via TypeORM OK!
[2025-06-14 15:53:18] [INFO]: Server tá no ar na porta 3000
[2025-06-14 15:53:24] [INFO]: Conectado ao banco MariaDB com sucesso!
[2025-06-14 15:53:24] [INFO]: Conexão com banco via TypeORM OK!
[2025-06-14 15:53:24] [INFO]: Server tá no ar na porta 3000
[2025-06-14 15:53:30] [INFO]: Conectado ao banco MariaDB com sucesso!
[2025-06-14 15:53:31] [INFO]: Conexão com banco via TypeORM OK!
[2025-06-14 15:53:31] [INFO]: Server tá no ar na porta 3000
[2025-06-14 15:53:32] [INFO]: Conectado ao banco MariaDB com sucesso!
[2025-06-14 15:53:32] [INFO]: Conexão com banco via TypeORM OK!
[2025-06-14 15:53:32] [INFO]: Server tá no ar na porta 3000
[2025-06-14 15:53:44] [INFO]: Conectado ao banco MariaDB com sucesso!
[2025-06-14 15:53:44] [INFO]: Conexão com banco via TypeORM OK!
[2025-06-14 15:53:44] [INFO]: Server tá no ar na porta 3000
[2025-06-14 15:54:23] [INFO]: Conectado ao banco MariaDB com sucesso!
[2025-06-14 15:54:23] [INFO]: Conexão com banco via TypeORM OK!
[2025-06-14 15:54:23] [INFO]: Server tá no ar na porta 3000
[2025-06-14 15:54:35] [INFO]: Conectado ao banco MariaDB com sucesso!
[2025-06-14 15:54:36] [INFO]: Conexão com banco via TypeORM OK!
[2025-06-14 15:54:36] [INFO]: Server tá no ar na porta 3000
[2025-06-14 15:55:47] [INFO]: Conectado ao banco MariaDB com sucesso!
[2025-06-14 15:55:47] [INFO]: Conexão com banco via TypeORM OK!
[2025-06-14 15:55:47] [INFO]: Server tá no ar na porta 3000
[2025-06-14 15:55:51] [INFO]: Conectado ao banco MariaDB com sucesso!
[2025-06-14 15:55:51] [INFO]: Conexão com banco via TypeORM OK!
[2025-06-14 15:55:51] [INFO]: Server tá no ar na porta 3000
[2025-06-14 15:55:53] [INFO]: Conectado ao banco MariaDB com sucesso!
[2025-06-14 15:55:53] [INFO]: Conexão com banco via TypeORM OK!
[2025-06-14 15:55:53] [INFO]: Server tá no ar na porta 3000
[2025-06-14 15:55:58] [INFO]: Conectado ao banco MariaDB com sucesso!
[2025-06-14 15:55:58] [INFO]: Conexão com banco via TypeORM OK!
[2025-06-14 15:55:58] [INFO]: Server tá no ar na porta 3000
[2025-06-14 15:56:05] [INFO]: Conectado ao banco MariaDB com sucesso!
[2025-06-14 15:56:05] [INFO]: Conexão com banco via TypeORM OK!
[2025-06-14 15:56:05] [INFO]: Server tá no ar na porta 3000
[2025-06-14 15:56:46] [INFO]: Conectado ao banco MariaDB com sucesso!
[2025-06-14 15:56:46] [INFO]: Conexão com banco via TypeORM OK!
[2025-06-14 15:56:46] [INFO]: Server tá no ar na porta 3000
[2025-06-14 15:56:52] [INFO]: Conectado ao banco MariaDB com sucesso!
[2025-06-14 15:56:52] [INFO]: Conexão com banco via TypeORM OK!
[2025-06-14 15:56:52] [INFO]: Server tá no ar na porta 3000
[2025-06-14 15:56:58] [INFO]: Conectado ao banco MariaDB com sucesso!
[2025-06-14 15:56:58] [INFO]: Conexão com banco via TypeORM OK!
[2025-06-14 15:56:58] [INFO]: Server tá no ar na porta 3000
[2025-06-14 15:57:17] [INFO]: Conectado ao banco MariaDB com sucesso!
[2025-06-14 15:57:17] [INFO]: Conexão com banco via TypeORM OK!
[2025-06-14 15:57:17] [INFO]: Server tá no ar na porta 3000
[2025-06-14 15:57:21] [INFO]: Conectado ao banco MariaDB com sucesso!
[2025-06-14 15:57:22] [INFO]: Conexão com banco via TypeORM OK!
[2025-06-14 15:57:22] [INFO]: Server tá no ar na porta 3000
[2025-06-14 15:57:45] [INFO]: Conectado ao banco MariaDB com sucesso!
[2025-06-14 15:57:45] [INFO]: Conexão com banco via TypeORM OK!
[2025-06-14 15:57:45] [INFO]: Server tá no ar na porta 3000
[2025-06-14 15:59:03] [INFO]: Login: joao, realizado com sucesso (200 OK)
[2025-06-14 15:59:35] [ERROR]: Rota POST /fatura/emitir não encontrada
[2025-06-14 15:59:59] [INFO]: Nota Fiscal emitida com sucesso (200 OK)
[2025-06-14 16:00:25] [INFO]: Nota Fiscal listada com sucesso (200 OK)
[2025-06-14 16:01:04] [INFO]: Nota Fiscal detalhada com sucesso (200 OK)
[2025-06-14 16:01:11] [ERROR]: Nota fiscal não encontrada, (status: 404)
[2025-06-14 16:01:40] [INFO]: Login: Júlio, realizado com sucesso (200 OK)
[2025-06-14 16:02:05] [INFO]: Nota Fiscal emitida com sucesso (200 OK)
[2025-06-14 16:02:30] [ERROR]: Nota fiscal não encontrada, (status: 404)
[2025-06-14 16:02:59] [ERROR]: Nota fiscal não encontrada, (status: 404)
[2025-06-14 16:03:50] [INFO]: Conectado ao banco MariaDB com sucesso!
[2025-06-14 16:03:51] [INFO]: Conexão com banco via TypeORM OK!
[2025-06-14 16:03:51] [INFO]: Server tá no ar na porta 3000
[2025-06-14 16:03:52] [INFO]: Conectado ao banco MariaDB com sucesso!
[2025-06-14 16:03:53] [INFO]: Conectado ao banco MariaDB com sucesso!
[2025-06-14 16:03:53] [INFO]: Conexão com banco via TypeORM OK!
[2025-06-14 16:03:53] [INFO]: Server tá no ar na porta 3000
[2025-06-14 16:03:58] [INFO]: Conectado ao banco MariaDB com sucesso!
[2025-06-14 16:03:58] [INFO]: Conexão com banco via TypeORM OK!
[2025-06-14 16:03:58] [INFO]: Server tá no ar na porta 3000
[2025-06-14 16:04:03] [INFO]: Conectado ao banco MariaDB com sucesso!
[2025-06-14 16:04:03] [INFO]: Conexão com banco via TypeORM OK!
[2025-06-14 16:04:03] [INFO]: Server tá no ar na porta 3000
[2025-06-14 16:05:55] [INFO]: Conectado ao banco MariaDB com sucesso!
[2025-06-14 16:05:55] [INFO]: Conexão com banco via TypeORM OK!
[2025-06-14 16:05:55] [INFO]: Server tá no ar na porta 3000
[2025-06-14 16:06:04] [INFO]: Conectado ao banco MariaDB com sucesso!
[2025-06-14 16:06:04] [INFO]: Conexão com banco via TypeORM OK!
[2025-06-14 16:06:04] [INFO]: Server tá no ar na porta 3000
[2025-06-14 16:06:09] [INFO]: Conectado ao banco MariaDB com sucesso!
[2025-06-14 16:06:09] [INFO]: Conexão com banco via TypeORM OK!
[2025-06-14 16:06:09] [INFO]: Server tá no ar na porta 3000
[2025-06-14 16:06:11] [INFO]: Conectado ao banco MariaDB com sucesso!
[2025-06-14 16:06:11] [INFO]: Conexão com banco via TypeORM OK!
[2025-06-14 16:06:11] [INFO]: Server tá no ar na porta 3000
[2025-06-14 16:06:42] [INFO]: Conectado ao banco MariaDB com sucesso!
[2025-06-14 16:06:42] [INFO]: Conexão com banco via TypeORM OK!
[2025-06-14 16:06:42] [INFO]: Server tá no ar na porta 3000
[2025-06-14 16:06:49] [INFO]: Conectado ao banco MariaDB com sucesso!
[2025-06-14 16:06:49] [INFO]: Conexão com banco via TypeORM OK!
[2025-06-14 16:06:49] [INFO]: Server tá no ar na porta 3000
[2025-06-14 16:06:52] [INFO]: Conectado ao banco MariaDB com sucesso!
[2025-06-14 16:06:52] [INFO]: Conexão com banco via TypeORM OK!
[2025-06-14 16:06:52] [INFO]: Server tá no ar na porta 3000
[2025-06-14 16:06:53] [INFO]: Conectado ao banco MariaDB com sucesso!
[2025-06-14 16:06:54] [INFO]: Conexão com banco via TypeORM OK!
[2025-06-14 16:06:54] [INFO]: Server tá no ar na porta 3000
[2025-06-14 16:06:55] [INFO]: Conectado ao banco MariaDB com sucesso!
[2025-06-14 16:06:56] [INFO]: Conexão com banco via TypeORM OK!
[2025-06-14 16:06:56] [INFO]: Server tá no ar na porta 3000
[2025-06-14 16:06:59] [INFO]: Conectado ao banco MariaDB com sucesso!
[2025-06-14 16:07:00] [INFO]: Conexão com banco via TypeORM OK!
[2025-06-14 16:07:00] [INFO]: Server tá no ar na porta 3000
[2025-06-14 16:07:03] [INFO]: Conectado ao banco MariaDB com sucesso!
[2025-06-14 16:07:04] [INFO]: Conexão com banco via TypeORM OK!
[2025-06-14 16:07:04] [INFO]: Server tá no ar na porta 3000
[2025-06-14 16:07:05] [INFO]: Conectado ao banco MariaDB com sucesso!
[2025-06-14 16:07:05] [INFO]: Conexão com banco via TypeORM OK!
[2025-06-14 16:07:05] [INFO]: Server tá no ar na porta 3000
[2025-06-14 16:07:08] [INFO]: Conectado ao banco MariaDB com sucesso!
[2025-06-14 16:07:09] [INFO]: Conexão com banco via TypeORM OK!
[2025-06-14 16:07:09] [INFO]: Server tá no ar na porta 3000
[2025-06-14 16:07:10] [INFO]: Conectado ao banco MariaDB com sucesso!
[2025-06-14 16:07:10] [INFO]: Conexão com banco via TypeORM OK!
[2025-06-14 16:07:10] [INFO]: Server tá no ar na porta 3000
[2025-06-14 16:07:13] [INFO]: Conectado ao banco MariaDB com sucesso!
[2025-06-14 16:07:13] [INFO]: Conexão com banco via TypeORM OK!
[2025-06-14 16:07:13] [INFO]: Server tá no ar na porta 3000
[2025-06-14 16:07:19] [INFO]: Conectado ao banco MariaDB com sucesso!
[2025-06-14 16:07:20] [INFO]: Conexão com banco via TypeORM OK!
[2025-06-14 16:07:20] [INFO]: Server tá no ar na porta 3000
[2025-06-14 16:07:30] [INFO]: Conectado ao banco MariaDB com sucesso!
[2025-06-14 16:07:31] [INFO]: Conexão com banco via TypeORM OK!
[2025-06-14 16:07:31] [INFO]: Server tá no ar na porta 3000
[2025-06-14 16:07:58] [INFO]: Conectado ao banco MariaDB com sucesso!
[2025-06-14 16:07:58] [INFO]: Conexão com banco via TypeORM OK!
[2025-06-14 16:07:58] [INFO]: Server tá no ar na porta 3000
[2025-06-14 16:08:53] [INFO]: Conectado ao banco MariaDB com sucesso!
[2025-06-14 16:08:53] [INFO]: Conexão com banco via TypeORM OK!
[2025-06-14 16:08:53] [INFO]: Server tá no ar na porta 3000
[2025-06-14 16:08:55] [INFO]: Conectado ao banco MariaDB com sucesso!
[2025-06-14 16:08:55] [INFO]: Conexão com banco via TypeORM OK!
[2025-06-14 16:08:55] [INFO]: Server tá no ar na porta 3000
[2025-06-14 16:09:04] [INFO]: Conectado ao banco MariaDB com sucesso!
[2025-06-14 16:09:04] [INFO]: Conexão com banco via TypeORM OK!
[2025-06-14 16:09:04] [INFO]: Server tá no ar na porta 3000
[2025-06-14 16:09:07] [INFO]: Conectado ao banco MariaDB com sucesso!
[2025-06-14 16:09:07] [INFO]: Conexão com banco via TypeORM OK!
[2025-06-14 16:09:07] [INFO]: Server tá no ar na porta 3000
[2025-06-14 16:09:08] [INFO]: Conectado ao banco MariaDB com sucesso!
[2025-06-14 16:09:09] [INFO]: Conectado ao banco MariaDB com sucesso!
[2025-06-14 16:09:09] [INFO]: Conexão com banco via TypeORM OK!
[2025-06-14 16:09:09] [INFO]: Server tá no ar na porta 3000
[2025-06-14 16:09:11] [INFO]: Conectado ao banco MariaDB com sucesso!
[2025-06-14 16:09:11] [INFO]: Conexão com banco via TypeORM OK!
[2025-06-14 16:09:11] [INFO]: Server tá no ar na porta 3000
[2025-06-14 16:09:17] [INFO]: Conectado ao banco MariaDB com sucesso!
[2025-06-14 16:09:17] [INFO]: Conexão com banco via TypeORM OK!
[2025-06-14 16:09:17] [INFO]: Server tá no ar na porta 3000
[2025-06-14 16:09:22] [INFO]: Conectado ao banco MariaDB com sucesso!
[2025-06-14 16:09:22] [INFO]: Conexão com banco via TypeORM OK!
[2025-06-14 16:09:22] [INFO]: Server tá no ar na porta 3000
[2025-06-14 16:09:24] [INFO]: Conectado ao banco MariaDB com sucesso!
[2025-06-14 16:09:24] [INFO]: Conexão com banco via TypeORM OK!
[2025-06-14 16:09:24] [INFO]: Server tá no ar na porta 3000
[2025-06-14 16:09:27] [INFO]: Conectado ao banco MariaDB com sucesso!
[2025-06-14 16:09:27] [INFO]: Conexão com banco via TypeORM OK!
[2025-06-14 16:09:27] [INFO]: Server tá no ar na porta 3000
[2025-06-14 16:09:45] [INFO]: Conectado ao banco MariaDB com sucesso!
[2025-06-14 16:09:45] [INFO]: Conexão com banco via TypeORM OK!
[2025-06-14 16:09:45] [INFO]: Server tá no ar na porta 3000
[2025-06-14 16:09:49] [INFO]: Conectado ao banco MariaDB com sucesso!
[2025-06-14 16:09:49] [INFO]: Conexão com banco via TypeORM OK!
[2025-06-14 16:09:49] [INFO]: Server tá no ar na porta 3000
[2025-06-14 16:09:51] [INFO]: Conectado ao banco MariaDB com sucesso!
[2025-06-14 16:09:51] [INFO]: Conexão com banco via TypeORM OK!
[2025-06-14 16:09:51] [INFO]: Server tá no ar na porta 3000
[2025-06-14 16:09:54] [INFO]: Conectado ao banco MariaDB com sucesso!
[2025-06-14 16:09:54] [INFO]: Conexão com banco via TypeORM OK!
[2025-06-14 16:09:54] [INFO]: Server tá no ar na porta 3000
[2025-06-14 16:09:57] [INFO]: Conectado ao banco MariaDB com sucesso!
[2025-06-14 16:09:57] [INFO]: Conexão com banco via TypeORM OK!
[2025-06-14 16:09:57] [INFO]: Server tá no ar na porta 3000
[2025-06-14 16:10:47] [INFO]: Conectado ao banco MariaDB com sucesso!
[2025-06-14 16:10:47] [INFO]: Conexão com banco via TypeORM OK!
[2025-06-14 16:10:47] [INFO]: Server tá no ar na porta 3000
[2025-06-14 16:10:57] [INFO]: Conectado ao banco MariaDB com sucesso!
[2025-06-14 16:10:57] [INFO]: Conexão com banco via TypeORM OK!
[2025-06-14 16:10:57] [INFO]: Server tá no ar na porta 3000
[2025-06-14 16:11:00] [INFO]: Conectado ao banco MariaDB com sucesso!
[2025-06-14 16:11:00] [INFO]: Conexão com banco via TypeORM OK!
[2025-06-14 16:11:00] [INFO]: Server tá no ar na porta 3000
[2025-06-14 16:11:02] [INFO]: Conectado ao banco MariaDB com sucesso!
[2025-06-14 16:11:03] [INFO]: Conexão com banco via TypeORM OK!
[2025-06-14 16:11:03] [INFO]: Server tá no ar na porta 3000
[2025-06-14 16:12:33] [INFO]: Conectado ao banco MariaDB com sucesso!
[2025-06-14 16:12:34] [INFO]: Conexão com banco via TypeORM OK!
[2025-06-14 16:12:34] [INFO]: Server tá no ar na porta 3000
[2025-06-14 16:12:41] [INFO]: Conectado ao banco MariaDB com sucesso!
[2025-06-14 16:12:41] [INFO]: Conexão com banco via TypeORM OK!
[2025-06-14 16:12:41] [INFO]: Server tá no ar na porta 3000
[2025-06-14 16:13:48] [INFO]: Conectado ao banco MariaDB com sucesso!
[2025-06-14 16:13:49] [INFO]: Conexão com banco via TypeORM OK!
[2025-06-14 16:13:49] [INFO]: Server tá no ar na porta 3000
[2025-06-14 16:14:05] [INFO]: Conectado ao banco MariaDB com sucesso!
[2025-06-14 16:14:05] [INFO]: Conexão com banco via TypeORM OK!
[2025-06-14 16:14:05] [INFO]: Server tá no ar na porta 3000
[2025-06-14 16:15:00] [INFO]: Conectado ao banco MariaDB com sucesso!
[2025-06-14 16:15:00] [INFO]: Conexão com banco via TypeORM OK!
[2025-06-14 16:15:00] [INFO]: Server tá no ar na porta 3000
[2025-06-14 16:15:09] [INFO]: Conectado ao banco MariaDB com sucesso!
[2025-06-14 16:15:09] [INFO]: Conexão com banco via TypeORM OK!
[2025-06-14 16:15:09] [INFO]: Server tá no ar na porta 3000
[2025-06-14 16:15:29] [INFO]: Conectado ao banco MariaDB com sucesso!
[2025-06-14 16:15:29] [INFO]: Conexão com banco via TypeORM OK!
[2025-06-14 16:15:29] [INFO]: Server tá no ar na porta 3000
[2025-06-14 16:15:45] [INFO]: Conectado ao banco MariaDB com sucesso!
[2025-06-14 16:15:45] [INFO]: Conexão com banco via TypeORM OK!
[2025-06-14 16:15:45] [INFO]: Server tá no ar na porta 3000
[2025-06-14 16:15:53] [INFO]: Conectado ao banco MariaDB com sucesso!
[2025-06-14 16:15:53] [INFO]: Conexão com banco via TypeORM OK!
[2025-06-14 16:15:53] [INFO]: Server tá no ar na porta 3000
[2025-06-14 16:17:01] [INFO]: Conectado ao banco MariaDB com sucesso!
[2025-06-14 16:17:01] [INFO]: Conexão com banco via TypeORM OK!
[2025-06-14 16:17:01] [INFO]: Server tá no ar na porta 3000
[2025-06-14 16:18:44] [INFO]: Conectado ao banco MariaDB com sucesso!
[2025-06-14 16:18:44] [INFO]: Conexão com banco via TypeORM OK!
[2025-06-14 16:18:44] [INFO]: Server tá no ar na porta 3000
[2025-06-14 16:18:54] [INFO]: Conectado ao banco MariaDB com sucesso!
[2025-06-14 16:18:55] [INFO]: Conexão com banco via TypeORM OK!
[2025-06-14 16:18:55] [INFO]: Server tá no ar na porta 3000
[2025-06-14 16:19:03] [INFO]: Conectado ao banco MariaDB com sucesso!
[2025-06-14 16:19:03] [INFO]: Conexão com banco via TypeORM OK!
[2025-06-14 16:19:03] [INFO]: Server tá no ar na porta 3000
[2025-06-14 16:19:05] [INFO]: Conectado ao banco MariaDB com sucesso!
[2025-06-14 16:19:06] [INFO]: Conexão com banco via TypeORM OK!
[2025-06-14 16:19:06] [INFO]: Server tá no ar na porta 3000
[2025-06-14 16:19:16] [INFO]: Conectado ao banco MariaDB com sucesso!
[2025-06-14 16:19:16] [INFO]: Conexão com banco via TypeORM OK!
[2025-06-14 16:19:16] [INFO]: Server tá no ar na porta 3000
[2025-06-14 16:19:18] [INFO]: Conectado ao banco MariaDB com sucesso!
[2025-06-14 16:19:18] [INFO]: Conexão com banco via TypeORM OK!
[2025-06-14 16:19:18] [INFO]: Server tá no ar na porta 3000
[2025-06-14 16:19:21] [INFO]: Conectado ao banco MariaDB com sucesso!
[2025-06-14 16:19:21] [INFO]: Conexão com banco via TypeORM OK!
[2025-06-14 16:19:21] [INFO]: Server tá no ar na porta 3000
[2025-06-14 16:19:33] [INFO]: Conectado ao banco MariaDB com sucesso!
[2025-06-14 16:19:34] [INFO]: Conexão com banco via TypeORM OK!
[2025-06-14 16:19:34] [INFO]: Server tá no ar na porta 3000
[2025-06-14 16:19:36] [INFO]: Conectado ao banco MariaDB com sucesso!
[2025-06-14 16:19:37] [INFO]: Conexão com banco via TypeORM OK!
[2025-06-14 16:19:37] [INFO]: Server tá no ar na porta 3000
[2025-06-14 16:19:55] [INFO]: Conectado ao banco MariaDB com sucesso!
[2025-06-14 16:19:55] [INFO]: Conexão com banco via TypeORM OK!
[2025-06-14 16:19:55] [INFO]: Server tá no ar na porta 3000
[2025-06-14 16:20:04] [INFO]: Conectado ao banco MariaDB com sucesso!
[2025-06-14 16:20:04] [INFO]: Conexão com banco via TypeORM OK!
[2025-06-14 16:20:04] [INFO]: Server tá no ar na porta 3000
[2025-06-14 16:20:07] [INFO]: Conectado ao banco MariaDB com sucesso!
[2025-06-14 16:20:07] [INFO]: Conexão com banco via TypeORM OK!
[2025-06-14 16:20:07] [INFO]: Server tá no ar na porta 3000
[2025-06-14 16:20:10] [INFO]: Conectado ao banco MariaDB com sucesso!
[2025-06-14 16:20:10] [INFO]: Conexão com banco via TypeORM OK!
[2025-06-14 16:20:10] [INFO]: Server tá no ar na porta 3000
[2025-06-14 16:20:12] [INFO]: Conectado ao banco MariaDB com sucesso!
[2025-06-14 16:20:12] [INFO]: Conexão com banco via TypeORM OK!
[2025-06-14 16:20:12] [INFO]: Server tá no ar na porta 3000
[2025-06-14 16:20:15] [INFO]: Conectado ao banco MariaDB com sucesso!
[2025-06-14 16:20:15] [INFO]: Conexão com banco via TypeORM OK!
[2025-06-14 16:20:15] [INFO]: Server tá no ar na porta 3000
[2025-06-14 16:20:18] [INFO]: Conectado ao banco MariaDB com sucesso!
[2025-06-14 16:20:18] [INFO]: Conexão com banco via TypeORM OK!
[2025-06-14 16:20:18] [INFO]: Server tá no ar na porta 3000
[2025-06-14 16:20:26] [INFO]: Conectado ao banco MariaDB com sucesso!
[2025-06-14 16:20:29] [INFO]: Conectado ao banco MariaDB com sucesso!
[2025-06-14 16:20:29] [INFO]: Conexão com banco via TypeORM OK!
[2025-06-14 16:20:29] [INFO]: Server tá no ar na porta 3000
[2025-06-14 16:20:41] [INFO]: Conectado ao banco MariaDB com sucesso!
[2025-06-14 16:20:41] [INFO]: Conexão com banco via TypeORM OK!
[2025-06-14 16:20:41] [INFO]: Server tá no ar na porta 3000
[2025-06-14 16:20:44] [INFO]: Conectado ao banco MariaDB com sucesso!
[2025-06-14 16:20:44] [INFO]: Conexão com banco via TypeORM OK!
[2025-06-14 16:20:44] [INFO]: Server tá no ar na porta 3000
[2025-06-14 16:21:04] [INFO]: Conectado ao banco MariaDB com sucesso!
[2025-06-14 16:21:05] [INFO]: Conexão com banco via TypeORM OK!
[2025-06-14 16:21:05] [INFO]: Server tá no ar na porta 3000
[2025-06-14 16:21:11] [INFO]: Conectado ao banco MariaDB com sucesso!
[2025-06-14 16:21:11] [INFO]: Conexão com banco via TypeORM OK!
[2025-06-14 16:21:11] [INFO]: Server tá no ar na porta 3000
[2025-06-14 16:21:12] [INFO]: Conectado ao banco MariaDB com sucesso!
[2025-06-14 16:21:13] [INFO]: Conexão com banco via TypeORM OK!
[2025-06-14 16:21:13] [INFO]: Server tá no ar na porta 3000
[2025-06-14 16:22:21] [INFO]: Conectado ao banco MariaDB com sucesso!
[2025-06-14 16:22:21] [INFO]: Conexão com banco via TypeORM OK!
[2025-06-14 16:22:21] [INFO]: Server tá no ar na porta 3000
[2025-06-14 16:22:59] [INFO]: Conectado ao banco MariaDB com sucesso!
[2025-06-14 16:23:00] [INFO]: Conexão com banco via TypeORM OK!
[2025-06-14 16:23:00] [INFO]: Server tá no ar na porta 3000
[2025-06-14 16:23:10] [INFO]: Conectado ao banco MariaDB com sucesso!
[2025-06-14 16:23:11] [INFO]: Conexão com banco via TypeORM OK!
[2025-06-14 16:23:11] [INFO]: Server tá no ar na porta 3000
[2025-06-14 16:23:17] [INFO]: Conectado ao banco MariaDB com sucesso!
[2025-06-14 16:23:17] [INFO]: Conexão com banco via TypeORM OK!
[2025-06-14 16:23:17] [INFO]: Server tá no ar na porta 3000
[2025-06-14 16:23:24] [INFO]: Conectado ao banco MariaDB com sucesso!
[2025-06-14 16:23:24] [INFO]: Conexão com banco via TypeORM OK!
[2025-06-14 16:23:24] [INFO]: Server tá no ar na porta 3000
[2025-06-14 16:23:32] [INFO]: Conectado ao banco MariaDB com sucesso!
[2025-06-14 16:23:32] [INFO]: Conexão com banco via TypeORM OK!
[2025-06-14 16:23:32] [INFO]: Server tá no ar na porta 3000
[2025-06-14 16:24:22] [INFO]: Conectado ao banco MariaDB com sucesso!
[2025-06-14 16:24:22] [INFO]: Conexão com banco via TypeORM OK!
[2025-06-14 16:24:22] [INFO]: Server tá no ar na porta 3000
[2025-06-14 16:25:29] [INFO]: Conectado ao banco MariaDB com sucesso!
[2025-06-14 16:25:29] [INFO]: Conexão com banco via TypeORM OK!
[2025-06-14 16:25:29] [INFO]: Server tá no ar na porta 3000
[2025-06-14 16:26:46] [INFO]: Conectado ao banco MariaDB com sucesso!
[2025-06-14 16:26:46] [INFO]: Conexão com banco via TypeORM OK!
[2025-06-14 16:26:46] [INFO]: Server tá no ar na porta 3000
[2025-06-14 16:27:10] [INFO]: Conectado ao banco MariaDB com sucesso!
[2025-06-14 16:27:10] [INFO]: Conexão com banco via TypeORM OK!
[2025-06-14 16:27:10] [INFO]: Server tá no ar na porta 3000
[2025-06-14 16:28:40] [INFO]: Conectado ao banco MariaDB com sucesso!
[2025-06-14 16:28:40] [INFO]: Conexão com banco via TypeORM OK!
[2025-06-14 16:28:40] [INFO]: Server tá no ar na porta 3000
[2025-06-14 16:28:51] [INFO]: Conectado ao banco MariaDB com sucesso!
[2025-06-14 16:28:52] [INFO]: Conexão com banco via TypeORM OK!
[2025-06-14 16:28:52] [INFO]: Server tá no ar na porta 3000
[2025-06-14 16:29:10] [INFO]: Conectado ao banco MariaDB com sucesso!
[2025-06-14 16:29:10] [INFO]: Conexão com banco via TypeORM OK!
[2025-06-14 16:29:10] [INFO]: Server tá no ar na porta 3000
[2025-06-14 16:29:14] [INFO]: Conectado ao banco MariaDB com sucesso!
[2025-06-14 16:29:14] [INFO]: Conexão com banco via TypeORM OK!
[2025-06-14 16:29:14] [INFO]: Server tá no ar na porta 3000
[2025-06-14 16:29:20] [INFO]: Conectado ao banco MariaDB com sucesso!
[2025-06-14 16:29:21] [INFO]: Conexão com banco via TypeORM OK!
[2025-06-14 16:29:21] [INFO]: Server tá no ar na porta 3000
[2025-06-14 16:29:31] [INFO]: Conectado ao banco MariaDB com sucesso!
[2025-06-14 16:29:31] [INFO]: Conexão com banco via TypeORM OK!
[2025-06-14 16:29:31] [INFO]: Server tá no ar na porta 3000
[2025-06-14 16:29:53] [INFO]: Conectado ao banco MariaDB com sucesso!
[2025-06-14 16:29:53] [INFO]: Conexão com banco via TypeORM OK!
[2025-06-14 16:29:53] [INFO]: Server tá no ar na porta 3000
